2022-07-03 21:51:01,567: Drone 21: Starting drone 21 on http://192.168.1.21:5071...;
2022-07-03 21:51:01,760: Drone 21: Drone 21 connected on http://192.168.1.21:5071.;
2022-07-03 21:51:03,224: Drone 21: Sending POST request with location to the groundstation on http://192.168.1.1:8000/update-info/: {'id': 21, 'lat': '-15.8403093', 'lng': '-47.9263834', 'alt': '0.15', 'device': 'uav', 'type': '102', 'seq': 0, 'ip': 'http://192.168.1.21:5071/'};
2022-07-03 21:51:03,299: Drone 21: Response from the groundstation: <Response [200]>;
2022-07-03 21:51:04,318: Drone 21: Sending POST request with location to the groundstation on http://192.168.1.1:8000/update-info/: {'id': 21, 'lat': '-15.840309099999999', 'lng': '-47.9263832', 'alt': '0.194', 'device': 'uav', 'type': '102', 'seq': 1, 'ip': 'http://192.168.1.21:5071/'};
2022-07-03 21:51:04,467: Drone 21: Response from the groundstation: <Response [200]>;
2022-07-03 21:51:05,479: Drone 21: Sending POST request with location to the groundstation on http://192.168.1.1:8000/update-info/: {'id': 21, 'lat': '-15.840309', 'lng': '-47.926383', 'alt': '0.191', 'device': 'uav', 'type': '102', 'seq': 2, 'ip': 'http://192.168.1.21:5071/'};
2022-07-03 21:51:05,519: Drone 21: Response from the groundstation: <Response [200]>;
2022-07-03 21:51:06,531: Drone 21: Sending POST request with location to the groundstation on http://192.168.1.1:8000/update-info/: {'id': 21, 'lat': '-15.840308799999999', 'lng': '-47.9263827', 'alt': '0.139', 'device': 'uav', 'type': '102', 'seq': 3, 'ip': 'http://192.168.1.21:5071/'};
2022-07-03 21:51:06,609: Drone 21: Response from the groundstation: <Response [200]>;
2022-07-03 21:51:07,633: Drone 21: Sending POST request with location to the groundstation on http://192.168.1.1:8000/update-info/: {'id': 21, 'lat': '-15.8403089', 'lng': '-47.926382499999995', 'alt': '0.134', 'device': 'uav', 'type': '102', 'seq': 4, 'ip': 'http://192.168.1.21:5071/'};
2022-07-03 21:51:07,679: Drone 21: Response from the groundstation: <Response [200]>;
2022-07-03 21:51:08,708: Drone 21: Sending POST request with location to the groundstation on http://192.168.1.1:8000/update-info/: {'id': 21, 'lat': '-15.8403087', 'lng': '-47.9263821', 'alt': '0.09', 'device': 'uav', 'type': '102', 'seq': 5, 'ip': 'http://192.168.1.21:5071/'};
2022-07-03 21:51:08,759: Drone 21: Response from the groundstation: <Response [200]>;
2022-07-03 21:51:09,786: Drone 21: Sending POST request with location to the groundstation on http://192.168.1.1:8000/update-info/: {'id': 21, 'lat': '-15.840308599999998', 'lng': '-47.9263816', 'alt': '0.089', 'device': 'uav', 'type': '102', 'seq': 6, 'ip': 'http://192.168.1.21:5071/'};
2022-07-03 21:51:10,006: Drone 21: Response from the groundstation: <Response [200]>;
2022-07-03 21:51:11,017: Drone 21: Sending POST request with location to the groundstation on http://192.168.1.1:8000/update-info/: {'id': 21, 'lat': '-15.840308599999998', 'lng': '-47.926381299999996', 'alt': '0.065', 'device': 'uav', 'type': '102', 'seq': 7, 'ip': 'http://192.168.1.21:5071/'};
2022-07-03 21:51:11,101: Drone 21: Response from the groundstation: <Response [200]>;
2022-07-03 21:51:12,125: Drone 21: Sending POST request with location to the groundstation on http://192.168.1.1:8000/update-info/: {'id': 21, 'lat': '-15.840308599999998', 'lng': '-47.9263811', 'alt': '0.083', 'device': 'uav', 'type': '102', 'seq': 8, 'ip': 'http://192.168.1.21:5071/'};
2022-07-03 21:51:12,175: Drone 21: Response from the groundstation: <Response [200]>;
2022-07-03 21:51:13,201: Drone 21: Sending POST request with location to the groundstation on http://192.168.1.1:8000/update-info/: {'id': 21, 'lat': '-15.840308799999999', 'lng': '-47.926381199999994', 'alt': '0.113', 'device': 'uav', 'type': '102', 'seq': 9, 'ip': 'http://192.168.1.21:5071/'};
2022-07-03 21:51:13,353: Drone 21: Response from the groundstation: <Response [200]>;
2022-07-03 21:51:14,365: Drone 21: Sending POST request with location to the groundstation on http://192.168.1.1:8000/update-info/: {'id': 21, 'lat': '-15.840308799999999', 'lng': '-47.9263804', 'alt': '0.134', 'device': 'uav', 'type': '102', 'seq': 10, 'ip': 'http://192.168.1.21:5071/'};
2022-07-03 21:51:14,410: Drone 21: Response from the groundstation: <Response [200]>;
2022-07-03 21:51:15,421: Drone 21: Sending POST request with location to the groundstation on http://192.168.1.1:8000/update-info/: {'id': 21, 'lat': '-15.840309099999999', 'lng': '-47.926380099999996', 'alt': '0.134', 'device': 'uav', 'type': '102', 'seq': 11, 'ip': 'http://192.168.1.21:5071/'};
2022-07-03 21:51:15,477: Drone 21: Response from the groundstation: <Response [200]>;
2022-07-03 21:51:16,490: Drone 21: Sending POST request with location to the groundstation on http://192.168.1.1:8000/update-info/: {'id': 21, 'lat': '-15.8403092', 'lng': '-47.9263798', 'alt': '0.077', 'device': 'uav', 'type': '102', 'seq': 12, 'ip': 'http://192.168.1.21:5071/'};
2022-07-03 21:51:16,843: Drone 21: Response from the groundstation: <Response [200]>;
2022-07-03 21:51:17,855: Drone 21: Sending POST request with location to the groundstation on http://192.168.1.1:8000/update-info/: {'id': 21, 'lat': '-15.840309399999999', 'lng': '-47.9263796', 'alt': '0.053', 'device': 'uav', 'type': '102', 'seq': 13, 'ip': 'http://192.168.1.21:5071/'};
2022-07-03 21:51:17,889: Drone 21: Response from the groundstation: <Response [200]>;
2022-07-03 21:51:18,902: Drone 21: Sending POST request with location to the groundstation on http://192.168.1.1:8000/update-info/: {'id': 21, 'lat': '-15.840309699999999', 'lng': '-47.9263793', 'alt': '0.07200000000000001', 'device': 'uav', 'type': '102', 'seq': 14, 'ip': 'http://192.168.1.21:5071/'};
2022-07-03 21:51:19,082: Drone 21: Response from the groundstation: <Response [200]>;
2022-07-03 21:51:20,108: Drone 21: Sending POST request with location to the groundstation on http://192.168.1.1:8000/update-info/: {'id': 21, 'lat': '-15.840309699999999', 'lng': '-47.926379', 'alt': '0.083', 'device': 'uav', 'type': '102', 'seq': 15, 'ip': 'http://192.168.1.21:5071/'};
2022-07-03 21:51:20,163: Drone 21: Response from the groundstation: <Response [200]>;
2022-07-03 21:51:21,187: Drone 21: Sending POST request with location to the groundstation on http://192.168.1.1:8000/update-info/: {'id': 21, 'lat': '-15.8403099', 'lng': '-47.926378799999995', 'alt': '0.065', 'device': 'uav', 'type': '102', 'seq': 16, 'ip': 'http://192.168.1.21:5071/'};
2022-07-03 21:51:21,266: Drone 21: Response from the groundstation: <Response [200]>;
2022-07-03 21:51:22,278: Drone 21: Sending POST request with location to the groundstation on http://192.168.1.1:8000/update-info/: {'id': 21, 'lat': '-15.8403102', 'lng': '-47.9263787', 'alt': '0.088', 'device': 'uav', 'type': '102', 'seq': 17, 'ip': 'http://192.168.1.21:5071/'};
2022-07-03 21:51:22,616: Drone 21: Response from the groundstation: <Response [200]>;
2022-07-03 21:51:23,645: Drone 21: Sending POST request with location to the groundstation on http://192.168.1.1:8000/update-info/: {'id': 21, 'lat': '-15.8403102', 'lng': '-47.9263784', 'alt': '0.108', 'device': 'uav', 'type': '102', 'seq': 18, 'ip': 'http://192.168.1.21:5071/'};
2022-07-03 21:51:23,694: Drone 21: Response from the groundstation: <Response [200]>;
2022-07-03 21:51:24,720: Drone 21: Sending POST request with location to the groundstation on http://192.168.1.1:8000/update-info/: {'id': 21, 'lat': '-15.8403101', 'lng': '-47.9263781', 'alt': '0.122', 'device': 'uav', 'type': '102', 'seq': 19, 'ip': 'http://192.168.1.21:5071/'};
2022-07-03 21:51:25,215: Drone 21: Response from the groundstation: <Response [200]>;
2022-07-03 21:51:26,242: Drone 21: Sending POST request with location to the groundstation on http://192.168.1.1:8000/update-info/: {'id': 21, 'lat': '-15.8403101', 'lng': '-47.9263779', 'alt': '0.112', 'device': 'uav', 'type': '102', 'seq': 20, 'ip': 'http://192.168.1.21:5071/'};
2022-07-03 21:51:26,551: Drone 21: Response from the groundstation: <Response [200]>;
2022-07-03 21:51:27,576: Drone 21: Sending POST request with location to the groundstation on http://192.168.1.1:8000/update-info/: {'id': 21, 'lat': '-15.8403099', 'lng': '-47.926377699999996', 'alt': '0.08', 'device': 'uav', 'type': '102', 'seq': 21, 'ip': 'http://192.168.1.21:5071/'};
2022-07-03 21:51:27,664: Drone 21: Response from the groundstation: <Response [200]>;
2022-07-03 21:51:28,692: Drone 21: Sending POST request with location to the groundstation on http://192.168.1.1:8000/update-info/: {'id': 21, 'lat': '-15.840309999999999', 'lng': '-47.926377599999995', 'alt': '0.006', 'device': 'uav', 'type': '102', 'seq': 22, 'ip': 'http://192.168.1.21:5071/'};
2022-07-03 21:51:29,028: Drone 21: Response from the groundstation: <Response [200]>;
2022-07-03 21:51:30,061: Drone 21: Sending POST request with location to the groundstation on http://192.168.1.1:8000/update-info/: {'id': 21, 'lat': '-15.8403101', 'lng': '-47.9263775', 'alt': '0.004', 'device': 'uav', 'type': '102', 'seq': 23, 'ip': 'http://192.168.1.21:5071/'};
2022-07-03 21:51:30,251: Drone 21: Response from the groundstation: <Response [200]>;
2022-07-03 21:51:31,273: Drone 21: Sending POST request with location to the groundstation on http://192.168.1.1:8000/update-info/: {'id': 21, 'lat': '-15.8403101', 'lng': '-47.9263775', 'alt': '0.035', 'device': 'uav', 'type': '102', 'seq': 24, 'ip': 'http://192.168.1.21:5071/'};
2022-07-03 21:51:31,480: Drone 21: Response from the groundstation: <Response [200]>;
2022-07-03 21:51:32,492: Drone 21: Sending POST request with location to the groundstation on http://192.168.1.1:8000/update-info/: {'id': 21, 'lat': '-15.840309399999999', 'lng': '-47.9263779', 'alt': '0.419', 'device': 'uav', 'type': '102', 'seq': 25, 'ip': 'http://192.168.1.21:5071/'};
2022-07-03 21:51:32,591: Drone 21: Response from the groundstation: <Response [200]>;
2022-07-03 21:51:33,622: Drone 21: Sending POST request with location to the groundstation on http://192.168.1.1:8000/update-info/: {'id': 21, 'lat': '-15.8403072', 'lng': '-47.926381', 'alt': '2.559', 'device': 'uav', 'type': '102', 'seq': 26, 'ip': 'http://192.168.1.21:5071/'};
2022-07-03 21:51:35,570: Drone 21: Response from the groundstation: <Response [200]>;
2022-07-03 21:51:36,600: Drone 21: Sending POST request with location to the groundstation on http://192.168.1.1:8000/update-info/: {'id': 21, 'lat': '-15.840304699999999', 'lng': '-47.9263767', 'alt': '5.593', 'device': 'uav', 'type': '102', 'seq': 27, 'ip': 'http://192.168.1.21:5071/'};
2022-07-03 21:51:36,642: Drone 21: Response from the groundstation: <Response [200]>;
2022-07-03 21:51:37,668: Drone 21: Sending POST request with location to the groundstation on http://192.168.1.1:8000/update-info/: {'id': 21, 'lat': '-15.8403073', 'lng': '-47.926378299999996', 'alt': '7.721', 'device': 'uav', 'type': '102', 'seq': 28, 'ip': 'http://192.168.1.21:5071/'};
2022-07-03 21:51:37,718: Drone 21: Response from the groundstation: <Response [200]>;
2022-07-03 21:51:38,745: Drone 21: Sending POST request with location to the groundstation on http://192.168.1.1:8000/update-info/: {'id': 21, 'lat': '-15.8403113', 'lng': '-47.926381299999996', 'alt': '9.203', 'device': 'uav', 'type': '102', 'seq': 29, 'ip': 'http://192.168.1.21:5071/'};
2022-07-03 21:51:38,924: Drone 21: Response from the groundstation: <Response [200]>;
2022-07-03 21:51:39,941: Drone 21: Sending POST request with location to the groundstation on http://192.168.1.1:8000/update-info/: {'id': 21, 'lat': '-15.840308499999999', 'lng': '-47.9263787', 'alt': '9.782', 'device': 'uav', 'type': '102', 'seq': 30, 'ip': 'http://192.168.1.21:5071/'};
2022-07-03 21:51:40,021: Drone 21: Response from the groundstation: <Response [200]>;
2022-07-03 21:51:41,047: Drone 21: Sending POST request with location to the groundstation on http://192.168.1.1:8000/update-info/: {'id': 21, 'lat': '-15.840309099999999', 'lng': '-47.926379999999995', 'alt': '9.908', 'device': 'uav', 'type': '102', 'seq': 31, 'ip': 'http://192.168.1.21:5071/'};
2022-07-03 21:51:41,112: Drone 21: Response from the groundstation: <Response [200]>;
2022-07-03 21:51:42,138: Drone 21: Sending POST request with location to the groundstation on http://192.168.1.1:8000/update-info/: {'id': 21, 'lat': '-15.840308599999998', 'lng': '-47.926385499999995', 'alt': '10.029', 'device': 'uav', 'type': '102', 'seq': 32, 'ip': 'http://192.168.1.21:5071/'};
2022-07-03 21:51:42,194: Drone 21: Response from the groundstation: <Response [200]>;
2022-07-03 21:51:43,220: Drone 21: Sending POST request with location to the groundstation on http://192.168.1.1:8000/update-info/: {'id': 21, 'lat': '-15.8403093', 'lng': '-47.9264011', 'alt': '10.074', 'device': 'uav', 'type': '102', 'seq': 33, 'ip': 'http://192.168.1.21:5071/'};
2022-07-03 21:51:43,504: Drone 21: Response from the groundstation: <Response [200]>;
2022-07-03 21:51:44,517: Drone 21: Sending POST request with location to the groundstation on http://192.168.1.1:8000/update-info/: {'id': 21, 'lat': '-15.8403125', 'lng': '-47.926420799999995', 'alt': '10.113', 'device': 'uav', 'type': '102', 'seq': 34, 'ip': 'http://192.168.1.21:5071/'};
2022-07-03 21:51:44,749: Drone 21: Response from the groundstation: <Response [200]>;
2022-07-03 21:51:45,761: Drone 21: Sending POST request with location to the groundstation on http://192.168.1.1:8000/update-info/: {'id': 21, 'lat': '-15.840315599999998', 'lng': '-47.9264432', 'alt': '10.224', 'device': 'uav', 'type': '102', 'seq': 35, 'ip': 'http://192.168.1.21:5071/'};
2022-07-03 21:51:49,379: Drone 21: Response from the groundstation: <Response [200]>;
2022-07-03 21:51:50,396: Drone 21: Sending POST request with location to the groundstation on http://192.168.1.1:8000/update-info/: {'id': 21, 'lat': '-15.8403178', 'lng': '-47.9264684', 'alt': '10.388', 'device': 'uav', 'type': '102', 'seq': 36, 'ip': 'http://192.168.1.21:5071/'};
2022-07-03 21:52:28,970: Drone 21: Response from the groundstation: <Response [200]>;
2022-07-03 21:52:29,983: Drone 21: Sending POST request with location to the groundstation on http://192.168.1.1:8000/update-info/: {'id': 21, 'lat': '-15.840320199999999', 'lng': '-47.9264952', 'alt': '10.620000000000001', 'device': 'uav', 'type': '102', 'seq': 37, 'ip': 'http://192.168.1.21:5071/'};
2022-07-03 21:53:26,993: Drone 21: Response from the groundstation: <Response [200]>;
2022-07-03 21:53:28,003: Drone 21: Sending POST request with location to the groundstation on http://192.168.1.1:8000/update-info/: {'id': 21, 'lat': '-15.8403218', 'lng': '-47.9265488', 'alt': '11.133000000000001', 'device': 'uav', 'type': '102', 'seq': 38, 'ip': 'http://192.168.1.21:5071/'};
2022-07-03 21:54:22,998: Drone 21: Response from the groundstation: <Response [200]>;
2022-07-03 21:54:24,010: Drone 21: Sending POST request with location to the groundstation on http://192.168.1.1:8000/update-info/: {'id': 21, 'lat': '-15.8403228', 'lng': '-47.9265757', 'alt': '12.461', 'device': 'uav', 'type': '102', 'seq': 39, 'ip': 'http://192.168.1.21:5071/'};
2022-07-03 21:54:48,535: Drone 21: Response from the groundstation: <Response [200]>;
2022-07-03 21:54:49,561: Drone 21: Sending POST request with location to the groundstation on http://192.168.1.1:8000/update-info/: {'id': 21, 'lat': '-15.84033', 'lng': '-47.926695699999996', 'alt': '12.734', 'device': 'uav', 'type': '102', 'seq': 40, 'ip': 'http://192.168.1.21:5071/'};
2022-07-03 21:55:23,418: Drone 21: Response from the groundstation: <Response [200]>;
2022-07-03 21:55:24,426: Drone 21: Sending POST request with location to the groundstation on http://192.168.1.1:8000/update-info/: {'id': 21, 'lat': '-15.8400018', 'lng': '-47.9275625', 'alt': '23.818', 'device': 'uav', 'type': '102', 'seq': 41, 'ip': 'http://192.168.1.21:5071/'};
2022-07-03 21:56:01,336: Drone 21: Response from the groundstation: <Response [200]>;
2022-07-03 21:56:02,348: Drone 21: Sending POST request with location to the groundstation on http://192.168.1.1:8000/update-info/: {'id': 21, 'lat': '-15.8402555', 'lng': '-47.927255599999995', 'alt': '38.018', 'device': 'uav', 'type': '102', 'seq': 42, 'ip': 'http://192.168.1.21:5071/'};
2022-07-03 21:56:05,342: Drone 21: Response from the groundstation: <Response [200]>;
2022-07-03 21:56:06,356: Drone 21: Sending POST request with location to the groundstation on http://192.168.1.1:8000/update-info/: {'id': 21, 'lat': '-15.8402108', 'lng': '-47.927047699999996', 'alt': '56.145', 'device': 'uav', 'type': '102', 'seq': 43, 'ip': 'http://192.168.1.21:5071/'};
2022-07-03 21:56:06,479: Drone 21: Response from the groundstation: <Response [200]>;
2022-07-03 21:56:07,506: Drone 21: Sending POST request with location to the groundstation on http://192.168.1.1:8000/update-info/: {'id': 21, 'lat': '-15.8401043', 'lng': '-47.9273962', 'alt': '36.773', 'device': 'uav', 'type': '102', 'seq': 44, 'ip': 'http://192.168.1.21:5071/'};
2022-07-03 21:56:07,533: Drone 21: Response from the groundstation: <Response [200]>;
2022-07-03 21:56:08,546: Drone 21: Sending POST request with location to the groundstation on http://192.168.1.1:8000/update-info/: {'id': 21, 'lat': '-15.8401448', 'lng': '-47.926717', 'alt': '20.548000000000002', 'device': 'uav', 'type': '102', 'seq': 45, 'ip': 'http://192.168.1.21:5071/'};
2022-07-03 21:56:08,589: Drone 21: Response from the groundstation: <Response [200]>;
2022-07-03 21:56:09,602: Drone 21: Sending POST request with location to the groundstation on http://192.168.1.1:8000/update-info/: {'id': 21, 'lat': '-15.8401942', 'lng': '-47.9266174', 'alt': '20.506', 'device': 'uav', 'type': '102', 'seq': 46, 'ip': 'http://192.168.1.21:5071/'};
2022-07-03 21:56:09,626: Drone 21: Response from the groundstation: <Response [200]>;
2022-07-03 21:56:10,650: Drone 21: Sending POST request with location to the groundstation on http://192.168.1.1:8000/update-info/: {'id': 21, 'lat': '-15.840205999999998', 'lng': '-47.926592', 'alt': '20.509', 'device': 'uav', 'type': '102', 'seq': 47, 'ip': 'http://192.168.1.21:5071/'};
2022-07-03 21:56:10,719: Drone 21: Response from the groundstation: <Response [200]>;
2022-07-03 21:56:11,760: Drone 21: Sending POST request with location to the groundstation on http://192.168.1.1:8000/update-info/: {'id': 21, 'lat': '-15.8402178', 'lng': '-47.9265669', 'alt': '20.512', 'device': 'uav', 'type': '102', 'seq': 48, 'ip': 'http://192.168.1.21:5071/'};
2022-07-03 21:56:12,001: Drone 21: Response from the groundstation: <Response [200]>;
2022-07-03 21:56:13,013: Drone 21: Sending POST request with location to the groundstation on http://192.168.1.1:8000/update-info/: {'id': 21, 'lat': '-15.8402297', 'lng': '-47.926542', 'alt': '20.52', 'device': 'uav', 'type': '102', 'seq': 49, 'ip': 'http://192.168.1.21:5071/'};
2022-07-03 21:56:13,064: Drone 21: Response from the groundstation: <Response [200]>;
2022-07-03 21:56:14,088: Drone 21: Sending POST request with location to the groundstation on http://192.168.1.1:8000/update-info/: {'id': 21, 'lat': '-15.840242199999999', 'lng': '-47.926517', 'alt': '20.488', 'device': 'uav', 'type': '102', 'seq': 50, 'ip': 'http://192.168.1.21:5071/'};
2022-07-03 21:56:14,139: Drone 21: Response from the groundstation: <Response [200]>;
2022-07-03 21:56:15,166: Drone 21: Sending POST request with location to the groundstation on http://192.168.1.1:8000/update-info/: {'id': 21, 'lat': '-15.840254799999999', 'lng': '-47.9264916', 'alt': '20.509', 'device': 'uav', 'type': '102', 'seq': 51, 'ip': 'http://192.168.1.21:5071/'};
2022-07-03 21:56:15,318: Drone 21: Response from the groundstation: <Response [200]>;
2022-07-03 21:56:16,330: Drone 21: Sending POST request with location to the groundstation on http://192.168.1.1:8000/update-info/: {'id': 21, 'lat': '-15.8402666', 'lng': '-47.926466399999995', 'alt': '20.506', 'device': 'uav', 'type': '102', 'seq': 52, 'ip': 'http://192.168.1.21:5071/'};
2022-07-03 21:56:31,760: Drone 21: Response from the groundstation: <Response [200]>;
2022-07-03 21:56:32,785: Drone 21: Sending POST request with location to the groundstation on http://192.168.1.1:8000/update-info/: {'id': 21, 'lat': '-15.8402786', 'lng': '-47.9264417', 'alt': '20.51', 'device': 'uav', 'type': '102', 'seq': 53, 'ip': 'http://192.168.1.21:5071/'};
2022-07-03 21:56:36,536: Drone 21: Response from the groundstation: <Response [200]>;
2022-07-03 21:56:37,564: Drone 21: Sending POST request with location to the groundstation on http://192.168.1.1:8000/update-info/: {'id': 21, 'lat': '-15.8402911', 'lng': '-47.926417', 'alt': '20.481', 'device': 'uav', 'type': '102', 'seq': 54, 'ip': 'http://192.168.1.21:5071/'};
2022-07-03 21:56:37,648: Drone 21: Response from the groundstation: <Response [200]>;
2022-07-03 21:56:38,676: Drone 21: Sending POST request with location to the groundstation on http://192.168.1.1:8000/update-info/: {'id': 21, 'lat': '-15.840307699999999', 'lng': '-47.9263815', 'alt': '20.514', 'device': 'uav', 'type': '102', 'seq': 55, 'ip': 'http://192.168.1.21:5071/'};
2022-07-03 21:56:38,772: Drone 21: Response from the groundstation: <Response [200]>;
2022-07-03 21:56:39,797: Drone 21: Sending POST request with location to the groundstation on http://192.168.1.1:8000/update-info/: {'id': 21, 'lat': '-15.8403089', 'lng': '-47.926376999999995', 'alt': '9.26', 'device': 'uav', 'type': '102', 'seq': 56, 'ip': 'http://192.168.1.21:5071/'};
2022-07-03 21:56:40,069: Drone 21: Response from the groundstation: <Response [200]>;
2022-07-03 21:56:41,103: Drone 21: Sending POST request with location to the groundstation on http://192.168.1.1:8000/update-info/: {'id': 21, 'lat': '-15.840307', 'lng': '-47.926376', 'alt': '6.868', 'device': 'uav', 'type': '102', 'seq': 57, 'ip': 'http://192.168.1.21:5071/'};
2022-07-03 21:56:41,173: Drone 21: Response from the groundstation: <Response [200]>;
2022-07-03 21:56:42,199: Drone 21: Sending POST request with location to the groundstation on http://192.168.1.1:8000/update-info/: {'id': 21, 'lat': '-15.840307', 'lng': '-47.9263755', 'alt': '6.383', 'device': 'uav', 'type': '102', 'seq': 58, 'ip': 'http://192.168.1.21:5071/'};
2022-07-03 21:56:42,287: Drone 21: Response from the groundstation: <Response [200]>;
2022-07-03 21:56:43,301: Drone 21: Sending POST request with location to the groundstation on http://192.168.1.1:8000/update-info/: {'id': 21, 'lat': '-15.8403075', 'lng': '-47.9263751', 'alt': '5.891', 'device': 'uav', 'type': '102', 'seq': 59, 'ip': 'http://192.168.1.21:5071/'};
2022-07-03 21:56:43,521: Drone 21: Response from the groundstation: <Response [200]>;
2022-07-03 21:56:44,533: Drone 21: Sending POST request with location to the groundstation on http://192.168.1.1:8000/update-info/: {'id': 21, 'lat': '-15.840309', 'lng': '-47.926375199999995', 'alt': '5.426', 'device': 'uav', 'type': '102', 'seq': 60, 'ip': 'http://192.168.1.21:5071/'};
2022-07-03 21:56:44,615: Drone 21: Response from the groundstation: <Response [200]>;
2022-07-03 21:56:45,638: Drone 21: Sending POST request with location to the groundstation on http://192.168.1.1:8000/update-info/: {'id': 21, 'lat': '-15.8403104', 'lng': '-47.9263763', 'alt': '5.038', 'device': 'uav', 'type': '102', 'seq': 61, 'ip': 'http://192.168.1.21:5071/'};
2022-07-03 21:56:45,685: Drone 21: Response from the groundstation: <Response [200]>;
2022-07-03 21:56:46,698: Drone 21: Sending POST request with location to the groundstation on http://192.168.1.1:8000/update-info/: {'id': 21, 'lat': '-15.840310299999999', 'lng': '-47.9263768', 'alt': '4.511', 'device': 'uav', 'type': '102', 'seq': 62, 'ip': 'http://192.168.1.21:5071/'};
2022-07-03 21:56:46,720: Drone 21: Response from the groundstation: <Response [200]>;
2022-07-03 21:56:47,731: Drone 21: Sending POST request with location to the groundstation on http://192.168.1.1:8000/update-info/: {'id': 21, 'lat': '-15.840311', 'lng': '-47.9263751', 'alt': '3.864', 'device': 'uav', 'type': '102', 'seq': 63, 'ip': 'http://192.168.1.21:5071/'};
2022-07-03 21:56:47,757: Drone 21: Response from the groundstation: <Response [200]>;
2022-07-03 21:56:48,784: Drone 21: Sending POST request with location to the groundstation on http://192.168.1.1:8000/update-info/: {'id': 21, 'lat': '-15.8403102', 'lng': '-47.926375', 'alt': '3.318', 'device': 'uav', 'type': '102', 'seq': 64, 'ip': 'http://192.168.1.21:5071/'};
2022-07-03 21:56:48,974: Drone 21: Response from the groundstation: <Response [200]>;
2022-07-03 21:56:50,002: Drone 21: Sending POST request with location to the groundstation on http://192.168.1.1:8000/update-info/: {'id': 21, 'lat': '-15.8403081', 'lng': '-47.9263773', 'alt': '2.395', 'device': 'uav', 'type': '102', 'seq': 65, 'ip': 'http://192.168.1.21:5071/'};
2022-07-03 21:56:50,059: Drone 21: Response from the groundstation: <Response [200]>;
2022-07-03 21:56:51,071: Drone 21: Sending POST request with location to the groundstation on http://192.168.1.1:8000/update-info/: {'id': 21, 'lat': '-15.8403076', 'lng': '-47.9263761', 'alt': '1.93', 'device': 'uav', 'type': '102', 'seq': 66, 'ip': 'http://192.168.1.21:5071/'};
2022-07-03 21:56:51,434: Drone 21: Response from the groundstation: <Response [200]>;
2022-07-03 21:56:52,445: Drone 21: Sending POST request with location to the groundstation on http://192.168.1.1:8000/update-info/: {'id': 21, 'lat': '-15.840307899999999', 'lng': '-47.9263762', 'alt': '1.3860000000000001', 'device': 'uav', 'type': '102', 'seq': 67, 'ip': 'http://192.168.1.21:5071/'};
2022-07-03 21:56:52,525: Drone 21: Response from the groundstation: <Response [200]>;
2022-07-03 21:56:53,537: Drone 21: Sending POST request with location to the groundstation on http://192.168.1.1:8000/update-info/: {'id': 21, 'lat': '-15.8403093', 'lng': '-47.9263761', 'alt': '0.99', 'device': 'uav', 'type': '102', 'seq': 68, 'ip': 'http://192.168.1.21:5071/'};
2022-07-03 21:56:53,741: Drone 21: Response from the groundstation: <Response [200]>;
2022-07-03 21:56:54,768: Drone 21: Sending POST request with location to the groundstation on http://192.168.1.1:8000/update-info/: {'id': 21, 'lat': '-15.840309699999999', 'lng': '-47.9263761', 'alt': '0.423', 'device': 'uav', 'type': '102', 'seq': 69, 'ip': 'http://192.168.1.21:5071/'};
2022-07-03 21:56:54,910: Drone 21: Response from the groundstation: <Response [200]>;
2022-07-03 21:56:55,923: Drone 21: Sending POST request with location to the groundstation on http://192.168.1.1:8000/update-info/: {'id': 21, 'lat': '-15.840309699999999', 'lng': '-47.9263756', 'alt': '-0.229', 'device': 'uav', 'type': '102', 'seq': 70, 'ip': 'http://192.168.1.21:5071/'};
2022-07-03 21:56:57,054: Drone 21: Response from the groundstation: <Response [200]>;
2022-07-03 21:56:58,071: Drone 21: Sending POST request with location to the groundstation on http://192.168.1.1:8000/update-info/: {'id': 21, 'lat': '-15.840309699999999', 'lng': '-47.9263748', 'alt': '-0.724', 'device': 'uav', 'type': '102', 'seq': 71, 'ip': 'http://192.168.1.21:5071/'};
2022-07-03 21:56:58,150: Drone 21: Response from the groundstation: <Response [200]>;
2022-07-03 21:56:59,174: Drone 21: Sending POST request with location to the groundstation on http://192.168.1.1:8000/update-info/: {'id': 21, 'lat': '-15.8403102', 'lng': '-47.926373899999994', 'alt': '-1.266', 'device': 'uav', 'type': '102', 'seq': 72, 'ip': 'http://192.168.1.21:5071/'};
2022-07-03 21:56:59,228: Drone 21: Response from the groundstation: <Response [200]>;
2022-07-03 21:57:00,238: Drone 21: Sending POST request with location to the groundstation on http://192.168.1.1:8000/update-info/: {'id': 21, 'lat': '-15.840310299999999', 'lng': '-47.9263736', 'alt': '-2.14', 'device': 'uav', 'type': '102', 'seq': 73, 'ip': 'http://192.168.1.21:5071/'};
2022-07-03 21:57:00,285: Drone 21: Response from the groundstation: <Response [200]>;
2022-07-03 21:57:01,299: Drone 21: Sending POST request with location to the groundstation on http://192.168.1.1:8000/update-info/: {'id': 21, 'lat': '-15.8403104', 'lng': '-47.926375199999995', 'alt': '-2.123', 'device': 'uav', 'type': '102', 'seq': 74, 'ip': 'http://192.168.1.21:5071/'};
2022-07-03 21:57:01,498: Drone 21: Response from the groundstation: <Response [200]>;
2022-07-03 21:57:02,510: Drone 21: Sending POST request with location to the groundstation on http://192.168.1.1:8000/update-info/: {'id': 21, 'lat': '-15.840310599999999', 'lng': '-47.9263754', 'alt': '-1.778', 'device': 'uav', 'type': '102', 'seq': 75, 'ip': 'http://192.168.1.21:5071/'};
2022-07-03 21:57:02,542: Drone 21: Response from the groundstation: <Response [200]>;
2022-07-03 21:57:03,567: Drone 21: Sending POST request with location to the groundstation on http://192.168.1.1:8000/update-info/: {'id': 21, 'lat': '-15.840310599999999', 'lng': '-47.9263757', 'alt': '-1.611', 'device': 'uav', 'type': '102', 'seq': 76, 'ip': 'http://192.168.1.21:5071/'};
2022-07-03 21:57:03,677: Drone 21: Response from the groundstation: <Response [200]>;
2022-07-03 21:57:04,691: Drone 21: Sending POST request with location to the groundstation on http://192.168.1.1:8000/update-info/: {'id': 21, 'lat': '-15.8403107', 'lng': '-47.926375799999995', 'alt': '-1.544', 'device': 'uav', 'type': '102', 'seq': 77, 'ip': 'http://192.168.1.21:5071/'};
2022-07-03 21:57:04,738: Drone 21: Response from the groundstation: <Response [200]>;
2022-07-03 21:57:05,748: Drone 21: Sending POST request with location to the groundstation on http://192.168.1.1:8000/update-info/: {'id': 21, 'lat': '-15.8403108', 'lng': '-47.926376499999996', 'alt': '-1.522', 'device': 'uav', 'type': '102', 'seq': 78, 'ip': 'http://192.168.1.21:5071/'};
2022-07-03 21:57:05,875: Drone 21: Response from the groundstation: <Response [200]>;
2022-07-03 21:57:06,893: Drone 21: Sending POST request with location to the groundstation on http://192.168.1.1:8000/update-info/: {'id': 21, 'lat': '-15.840311', 'lng': '-47.926376999999995', 'alt': '-1.549', 'device': 'uav', 'type': '102', 'seq': 79, 'ip': 'http://192.168.1.21:5071/'};
2022-07-03 21:57:06,999: Drone 21: Response from the groundstation: <Response [200]>;
2022-07-03 21:57:08,022: Drone 21: Sending POST request with location to the groundstation on http://192.168.1.1:8000/update-info/: {'id': 21, 'lat': '-15.8403108', 'lng': '-47.9263774', 'alt': '-1.566', 'device': 'uav', 'type': '102', 'seq': 80, 'ip': 'http://192.168.1.21:5071/'};
2022-07-03 21:57:08,069: Drone 21: Response from the groundstation: <Response [200]>;
2022-07-03 21:57:09,095: Drone 21: Sending POST request with location to the groundstation on http://192.168.1.1:8000/update-info/: {'id': 21, 'lat': '-15.840310599999999', 'lng': '-47.926377699999996', 'alt': '-1.59', 'device': 'uav', 'type': '102', 'seq': 81, 'ip': 'http://192.168.1.21:5071/'};
2022-07-03 21:57:09,147: Drone 21: Response from the groundstation: <Response [200]>;
2022-07-03 21:57:10,159: Drone 21: Sending POST request with location to the groundstation on http://192.168.1.1:8000/update-info/: {'id': 21, 'lat': '-15.8403105', 'lng': '-47.9263779', 'alt': '-1.6380000000000001', 'device': 'uav', 'type': '102', 'seq': 82, 'ip': 'http://192.168.1.21:5071/'};
2022-07-03 21:57:10,249: Drone 21: Response from the groundstation: <Response [200]>;
2022-07-03 21:57:11,261: Drone 21: Sending POST request with location to the groundstation on http://192.168.1.1:8000/update-info/: {'id': 21, 'lat': '-15.8403101', 'lng': '-47.926378299999996', 'alt': '-1.647', 'device': 'uav', 'type': '102', 'seq': 83, 'ip': 'http://192.168.1.21:5071/'};
2022-07-03 21:57:11,468: Drone 21: Response from the groundstation: <Response [200]>;
2022-07-03 21:57:12,479: Drone 21: Sending POST request with location to the groundstation on http://192.168.1.1:8000/update-info/: {'id': 21, 'lat': '-15.8403101', 'lng': '-47.926378799999995', 'alt': '-1.643', 'device': 'uav', 'type': '102', 'seq': 84, 'ip': 'http://192.168.1.21:5071/'};
2022-07-03 21:57:12,545: Drone 21: Response from the groundstation: <Response [200]>;
2022-07-03 21:57:13,572: Drone 21: Sending POST request with location to the groundstation on http://192.168.1.1:8000/update-info/: {'id': 21, 'lat': '-15.8403102', 'lng': '-47.9263791', 'alt': '-1.663', 'device': 'uav', 'type': '102', 'seq': 85, 'ip': 'http://192.168.1.21:5071/'};
2022-07-03 21:57:14,027: Drone 21: Response from the groundstation: <Response [200]>;
2022-07-03 21:57:15,056: Drone 21: Sending POST request with location to the groundstation on http://192.168.1.1:8000/update-info/: {'id': 21, 'lat': '-15.8403102', 'lng': '-47.926379399999995', 'alt': '-1.72', 'device': 'uav', 'type': '102', 'seq': 86, 'ip': 'http://192.168.1.21:5071/'};
2022-07-03 21:57:15,089: Drone 21: Response from the groundstation: <Response [200]>;
2022-07-03 21:57:16,108: Drone 21: Sending POST request with location to the groundstation on http://192.168.1.1:8000/update-info/: {'id': 21, 'lat': '-15.8403105', 'lng': '-47.926379499999996', 'alt': '-1.747', 'device': 'uav', 'type': '102', 'seq': 87, 'ip': 'http://192.168.1.21:5071/'};
2022-07-03 21:57:16,160: Drone 21: Response from the groundstation: <Response [200]>;
2022-07-03 21:57:17,183: Drone 21: Sending POST request with location to the groundstation on http://192.168.1.1:8000/update-info/: {'id': 21, 'lat': '-15.8403108', 'lng': '-47.9263796', 'alt': '-1.772', 'device': 'uav', 'type': '102', 'seq': 88, 'ip': 'http://192.168.1.21:5071/'};
2022-07-03 21:57:17,236: Drone 21: Response from the groundstation: <Response [200]>;
2022-07-03 21:57:18,248: Drone 21: Sending POST request with location to the groundstation on http://192.168.1.1:8000/update-info/: {'id': 21, 'lat': '-15.840311', 'lng': '-47.9263799', 'alt': '-1.79', 'device': 'uav', 'type': '102', 'seq': 89, 'ip': 'http://192.168.1.21:5071/'};
2022-07-03 21:57:18,506: Drone 21: Response from the groundstation: <Response [200]>;
2022-07-03 21:57:19,520: Drone 21: Sending POST request with location to the groundstation on http://192.168.1.1:8000/update-info/: {'id': 21, 'lat': '-15.840311', 'lng': '-47.9263804', 'alt': '-1.82', 'device': 'uav', 'type': '102', 'seq': 90, 'ip': 'http://192.168.1.21:5071/'};
2022-07-03 21:57:19,611: Drone 21: Response from the groundstation: <Response [200]>;
2022-07-03 21:57:20,634: Drone 21: Sending POST request with location to the groundstation on http://192.168.1.1:8000/update-info/: {'id': 21, 'lat': '-15.840311', 'lng': '-47.926380599999995', 'alt': '-1.813', 'device': 'uav', 'type': '102', 'seq': 91, 'ip': 'http://192.168.1.21:5071/'};
2022-07-03 21:57:20,685: Drone 21: Response from the groundstation: <Response [200]>;
2022-07-03 21:57:21,718: Drone 21: Sending POST request with location to the groundstation on http://192.168.1.1:8000/update-info/: {'id': 21, 'lat': '-15.8403113', 'lng': '-47.9263815', 'alt': '-1.788', 'device': 'uav', 'type': '102', 'seq': 92, 'ip': 'http://192.168.1.21:5071/'};
2022-07-03 21:57:21,766: Drone 21: Response from the groundstation: <Response [200]>;
2022-07-03 21:57:22,779: Drone 21: Sending POST request with location to the groundstation on http://192.168.1.1:8000/update-info/: {'id': 21, 'lat': '-15.840311199999999', 'lng': '-47.926381899999996', 'alt': '-1.7590000000000001', 'device': 'uav', 'type': '102', 'seq': 93, 'ip': 'http://192.168.1.21:5071/'};
2022-07-03 21:57:22,830: Drone 21: Response from the groundstation: <Response [200]>;
2022-07-03 21:57:23,841: Drone 21: Sending POST request with location to the groundstation on http://192.168.1.1:8000/update-info/: {'id': 21, 'lat': '-15.840311', 'lng': '-47.9263821', 'alt': '-1.737', 'device': 'uav', 'type': '102', 'seq': 94, 'ip': 'http://192.168.1.21:5071/'};
2022-07-03 21:57:23,998: Drone 21: Response from the groundstation: <Response [200]>;
2022-07-03 21:57:25,010: Drone 21: Sending POST request with location to the groundstation on http://192.168.1.1:8000/update-info/: {'id': 21, 'lat': '-15.840311', 'lng': '-47.9263824', 'alt': '-1.716', 'device': 'uav', 'type': '102', 'seq': 95, 'ip': 'http://192.168.1.21:5071/'};
2022-07-03 21:57:25,060: Drone 21: Response from the groundstation: <Response [200]>;
2022-07-03 21:57:26,089: Drone 21: Sending POST request with location to the groundstation on http://192.168.1.1:8000/update-info/: {'id': 21, 'lat': '-15.8403107', 'lng': '-47.9263828', 'alt': '-1.721', 'device': 'uav', 'type': '102', 'seq': 96, 'ip': 'http://192.168.1.21:5071/'};
2022-07-03 21:57:26,214: Drone 21: Response from the groundstation: <Response [200]>;
2022-07-03 21:57:27,240: Drone 21: Sending POST request with location to the groundstation on http://192.168.1.1:8000/update-info/: {'id': 21, 'lat': '-15.8403105', 'lng': '-47.9263826', 'alt': '-1.727', 'device': 'uav', 'type': '102', 'seq': 97, 'ip': 'http://192.168.1.21:5071/'};
2022-07-03 21:57:27,360: Drone 21: Response from the groundstation: <Response [200]>;
2022-07-03 21:57:28,372: Drone 21: Sending POST request with location to the groundstation on http://192.168.1.1:8000/update-info/: {'id': 21, 'lat': '-15.840310599999999', 'lng': '-47.9263826', 'alt': '-1.715', 'device': 'uav', 'type': '102', 'seq': 98, 'ip': 'http://192.168.1.21:5071/'};
2022-07-03 21:57:28,694: Drone 21: Response from the groundstation: <Response [200]>;
2022-07-03 21:57:29,723: Drone 21: Sending POST request with location to the groundstation on http://192.168.1.1:8000/update-info/: {'id': 21, 'lat': '-15.8403108', 'lng': '-47.9263824', 'alt': '-1.709', 'device': 'uav', 'type': '102', 'seq': 99, 'ip': 'http://192.168.1.21:5071/'};
2022-07-03 21:57:29,782: Drone 21: Response from the groundstation: <Response [200]>;
2022-07-03 21:57:30,805: Drone 21: Sending POST request with location to the groundstation on http://192.168.1.1:8000/update-info/: {'id': 21, 'lat': '-15.840311', 'lng': '-47.9263821', 'alt': '-1.713', 'device': 'uav', 'type': '102', 'seq': 100, 'ip': 'http://192.168.1.21:5071/'};
2022-07-03 21:57:30,880: Drone 21: Response from the groundstation: <Response [200]>;
2022-07-03 21:57:31,917: Drone 21: Sending POST request with location to the groundstation on http://192.168.1.1:8000/update-info/: {'id': 21, 'lat': '-15.840311199999999', 'lng': '-47.926381899999996', 'alt': '-1.691', 'device': 'uav', 'type': '102', 'seq': 101, 'ip': 'http://192.168.1.21:5071/'};
2022-07-03 21:57:32,364: Drone 21: Response from the groundstation: <Response [200]>;
2022-07-03 21:57:33,391: Drone 21: Sending POST request with location to the groundstation on http://192.168.1.1:8000/update-info/: {'id': 21, 'lat': '-15.8403114', 'lng': '-47.9263822', 'alt': '-1.641', 'device': 'uav', 'type': '102', 'seq': 102, 'ip': 'http://192.168.1.21:5071/'};
2022-07-03 21:57:34,060: Drone 21: Response from the groundstation: <Response [200]>;
2022-07-03 21:57:35,086: Drone 21: Sending POST request with location to the groundstation on http://192.168.1.1:8000/update-info/: {'id': 21, 'lat': '-15.840311499999999', 'lng': '-47.9263821', 'alt': '-1.625', 'device': 'uav', 'type': '102', 'seq': 103, 'ip': 'http://192.168.1.21:5071/'};
2022-07-03 21:57:35,190: Drone 21: Response from the groundstation: <Response [200]>;
2022-07-03 21:57:36,217: Drone 21: Sending POST request with location to the groundstation on http://192.168.1.1:8000/update-info/: {'id': 21, 'lat': '-15.840311699999999', 'lng': '-47.9263822', 'alt': '-1.6440000000000001', 'device': 'uav', 'type': '102', 'seq': 104, 'ip': 'http://192.168.1.21:5071/'};
2022-07-03 21:57:36,819: Drone 21: Response from the groundstation: <Response [200]>;
2022-07-03 21:57:37,843: Drone 21: Sending POST request with location to the groundstation on http://192.168.1.1:8000/update-info/: {'id': 21, 'lat': '-15.840311499999999', 'lng': '-47.9263821', 'alt': '-1.659', 'device': 'uav', 'type': '102', 'seq': 105, 'ip': 'http://192.168.1.21:5071/'};
2022-07-03 21:57:37,921: Drone 21: Response from the groundstation: <Response [200]>;
2022-07-03 21:57:38,933: Drone 21: Sending POST request with location to the groundstation on http://192.168.1.1:8000/update-info/: {'id': 21, 'lat': '-15.8403116', 'lng': '-47.9263821', 'alt': '-1.651', 'device': 'uav', 'type': '102', 'seq': 106, 'ip': 'http://192.168.1.21:5071/'};
2022-07-03 21:57:39,158: Drone 21: Response from the groundstation: <Response [200]>;
2022-07-03 21:57:40,204: Drone 21: Sending POST request with location to the groundstation on http://192.168.1.1:8000/update-info/: {'id': 21, 'lat': '-15.840311199999999', 'lng': '-47.926381299999996', 'alt': '-1.6400000000000001', 'device': 'uav', 'type': '102', 'seq': 107, 'ip': 'http://192.168.1.21:5071/'};
2022-07-03 21:57:40,247: Drone 21: Response from the groundstation: <Response [200]>;
2022-07-03 21:57:41,275: Drone 21: Sending POST request with location to the groundstation on http://192.168.1.1:8000/update-info/: {'id': 21, 'lat': '-15.8403116', 'lng': '-47.926381199999994', 'alt': '-1.619', 'device': 'uav', 'type': '102', 'seq': 108, 'ip': 'http://192.168.1.21:5071/'};
2022-07-03 21:57:41,341: Drone 21: Response from the groundstation: <Response [200]>;
2022-07-03 21:57:42,353: Drone 21: Sending POST request with location to the groundstation on http://192.168.1.1:8000/update-info/: {'id': 21, 'lat': '-15.8403119', 'lng': '-47.926381199999994', 'alt': '-1.609', 'device': 'uav', 'type': '102', 'seq': 109, 'ip': 'http://192.168.1.21:5071/'};
2022-07-03 21:57:42,500: Drone 21: Response from the groundstation: <Response [200]>;
2022-07-03 21:57:43,512: Drone 21: Sending POST request with location to the groundstation on http://192.168.1.1:8000/update-info/: {'id': 21, 'lat': '-15.840312099999998', 'lng': '-47.926381299999996', 'alt': '-1.591', 'device': 'uav', 'type': '102', 'seq': 110, 'ip': 'http://192.168.1.21:5071/'};
2022-07-03 21:57:43,558: Drone 21: Response from the groundstation: <Response [200]>;
2022-07-03 21:57:44,570: Drone 21: Sending POST request with location to the groundstation on http://192.168.1.1:8000/update-info/: {'id': 21, 'lat': '-15.840312299999999', 'lng': '-47.9263809', 'alt': '-1.571', 'device': 'uav', 'type': '102', 'seq': 111, 'ip': 'http://192.168.1.21:5071/'};
2022-07-03 21:57:44,656: Drone 21: Response from the groundstation: <Response [200]>;
2022-07-03 21:57:45,681: Drone 21: Sending POST request with location to the groundstation on http://192.168.1.1:8000/update-info/: {'id': 21, 'lat': '-15.840312399999998', 'lng': '-47.9263805', 'alt': '-1.566', 'device': 'uav', 'type': '102', 'seq': 112, 'ip': 'http://192.168.1.21:5071/'};
2022-07-03 21:57:45,730: Drone 21: Response from the groundstation: <Response [200]>;
2022-07-03 21:57:46,757: Drone 21: Sending POST request with location to the groundstation on http://192.168.1.1:8000/update-info/: {'id': 21, 'lat': '-15.8403125', 'lng': '-47.9263802', 'alt': '-1.561', 'device': 'uav', 'type': '102', 'seq': 113, 'ip': 'http://192.168.1.21:5071/'};
2022-07-03 21:57:46,813: Drone 21: Response from the groundstation: <Response [200]>;
2022-07-03 21:57:47,836: Drone 21: Sending POST request with location to the groundstation on http://192.168.1.1:8000/update-info/: {'id': 21, 'lat': '-15.840312599999999', 'lng': '-47.9263799', 'alt': '-1.563', 'device': 'uav', 'type': '102', 'seq': 114, 'ip': 'http://192.168.1.21:5071/'};
2022-07-03 21:57:48,273: Drone 21: Response from the groundstation: <Response [200]>;
2022-07-03 21:57:49,284: Drone 21: Sending POST request with location to the groundstation on http://192.168.1.1:8000/update-info/: {'id': 21, 'lat': '-15.8403125', 'lng': '-47.9263799', 'alt': '-1.577', 'device': 'uav', 'type': '102', 'seq': 115, 'ip': 'http://192.168.1.21:5071/'};
2022-07-03 21:57:49,362: Drone 21: Response from the groundstation: <Response [200]>;
2022-07-03 21:57:50,375: Drone 21: Sending POST request with location to the groundstation on http://192.168.1.1:8000/update-info/: {'id': 21, 'lat': '-15.840312399999998', 'lng': '-47.9263793', 'alt': '-1.604', 'device': 'uav', 'type': '102', 'seq': 116, 'ip': 'http://192.168.1.21:5071/'};
2022-07-03 21:57:50,816: Drone 21: Response from the groundstation: <Response [200]>;
2022-07-03 21:57:51,838: Drone 21: Sending POST request with location to the groundstation on http://192.168.1.1:8000/update-info/: {'id': 21, 'lat': '-15.8403125', 'lng': '-47.926379', 'alt': '-1.602', 'device': 'uav', 'type': '102', 'seq': 117, 'ip': 'http://192.168.1.21:5071/'};
2022-07-03 21:57:51,956: Drone 21: Response from the groundstation: <Response [200]>;
2022-07-03 21:57:52,969: Drone 21: Sending POST request with location to the groundstation on http://192.168.1.1:8000/update-info/: {'id': 21, 'lat': '-15.8403127', 'lng': '-47.926379', 'alt': '-1.579', 'device': 'uav', 'type': '102', 'seq': 118, 'ip': 'http://192.168.1.21:5071/'};
2022-07-03 21:57:53,183: Drone 21: Response from the groundstation: <Response [200]>;
2022-07-03 21:57:54,206: Drone 21: Sending POST request with location to the groundstation on http://192.168.1.1:8000/update-info/: {'id': 21, 'lat': '-15.8403128', 'lng': '-47.926378799999995', 'alt': '-1.555', 'device': 'uav', 'type': '102', 'seq': 119, 'ip': 'http://192.168.1.21:5071/'};
2022-07-03 21:57:54,312: Drone 21: Response from the groundstation: <Response [200]>;
2022-07-03 21:57:55,334: Drone 21: Sending POST request with location to the groundstation on http://192.168.1.1:8000/update-info/: {'id': 21, 'lat': '-15.840313', 'lng': '-47.9263787', 'alt': '-1.547', 'device': 'uav', 'type': '102', 'seq': 120, 'ip': 'http://192.168.1.21:5071/'};
2022-07-03 21:57:55,383: Drone 21: Response from the groundstation: <Response [200]>;
2022-07-03 21:57:56,403: Drone 21: Sending POST request with location to the groundstation on http://192.168.1.1:8000/update-info/: {'id': 21, 'lat': '-15.8403131', 'lng': '-47.9263786', 'alt': '-1.538', 'device': 'uav', 'type': '102', 'seq': 121, 'ip': 'http://192.168.1.21:5071/'};
2022-07-03 21:57:57,065: Drone 21: Response from the groundstation: <Response [200]>;
2022-07-03 21:57:58,088: Drone 21: Sending POST request with location to the groundstation on http://192.168.1.1:8000/update-info/: {'id': 21, 'lat': '-15.8403133', 'lng': '-47.926378299999996', 'alt': '-1.536', 'device': 'uav', 'type': '102', 'seq': 122, 'ip': 'http://192.168.1.21:5071/'};
2022-07-03 21:57:58,118: Drone 21: Response from the groundstation: <Response [200]>;
2022-07-03 21:57:59,146: Drone 21: Sending POST request with location to the groundstation on http://192.168.1.1:8000/update-info/: {'id': 21, 'lat': '-15.840313199999999', 'lng': '-47.9263781', 'alt': '-0.935', 'device': 'uav', 'type': '102', 'seq': 123, 'ip': 'http://192.168.1.21:5071/'};
2022-07-03 21:57:59,199: Drone 21: Response from the groundstation: <Response [200]>;
2022-07-03 21:58:00,227: Drone 21: Sending POST request with location to the groundstation on http://192.168.1.1:8000/update-info/: {'id': 21, 'lat': '-15.8402973', 'lng': '-47.926389199999996', 'alt': '-1.448', 'device': 'uav', 'type': '102', 'seq': 124, 'ip': 'http://192.168.1.21:5071/'};
2022-07-03 21:58:00,363: Drone 21: Response from the groundstation: <Response [200]>;
2022-07-03 21:58:01,397: Drone 21: Sending POST request with location to the groundstation on http://192.168.1.1:8000/update-info/: {'id': 21, 'lat': '-15.840297699999999', 'lng': '-47.926389099999994', 'alt': '-1.393', 'device': 'uav', 'type': '102', 'seq': 125, 'ip': 'http://192.168.1.21:5071/'};
2022-07-03 21:58:01,670: Drone 21: Response from the groundstation: <Response [200]>;
2022-07-03 21:58:02,697: Drone 21: Sending POST request with location to the groundstation on http://192.168.1.1:8000/update-info/: {'id': 21, 'lat': '-15.8402988', 'lng': '-47.9263876', 'alt': '-1.3920000000000001', 'device': 'uav', 'type': '102', 'seq': 126, 'ip': 'http://192.168.1.21:5071/'};
2022-07-03 21:58:02,888: Drone 21: Response from the groundstation: <Response [200]>;
2022-07-03 21:58:03,912: Drone 21: Sending POST request with location to the groundstation on http://192.168.1.1:8000/update-info/: {'id': 21, 'lat': '-15.840300099999999', 'lng': '-47.926386799999996', 'alt': '-1.3840000000000001', 'device': 'uav', 'type': '102', 'seq': 127, 'ip': 'http://192.168.1.21:5071/'};
2022-07-03 21:58:04,205: Drone 21: Response from the groundstation: <Response [200]>;
2022-07-03 21:58:05,232: Drone 21: Sending POST request with location to the groundstation on http://192.168.1.1:8000/update-info/: {'id': 21, 'lat': '-15.840301799999999', 'lng': '-47.926384999999996', 'alt': '-1.364', 'device': 'uav', 'type': '102', 'seq': 128, 'ip': 'http://192.168.1.21:5071/'};
2022-07-03 21:58:05,289: Drone 21: Response from the groundstation: <Response [200]>;
2022-07-03 21:58:06,312: Drone 21: Sending POST request with location to the groundstation on http://192.168.1.1:8000/update-info/: {'id': 21, 'lat': '-15.8403032', 'lng': '-47.926384899999995', 'alt': '-1.373', 'device': 'uav', 'type': '102', 'seq': 129, 'ip': 'http://192.168.1.21:5071/'};
2022-07-03 21:58:06,438: Drone 21: Response from the groundstation: <Response [200]>;
2022-07-03 21:58:07,462: Drone 21: Sending POST request with location to the groundstation on http://192.168.1.1:8000/update-info/: {'id': 21, 'lat': '-15.8403043', 'lng': '-47.926384299999995', 'alt': '-1.381', 'device': 'uav', 'type': '102', 'seq': 130, 'ip': 'http://192.168.1.21:5071/'};
2022-07-03 21:58:07,584: Drone 21: Response from the groundstation: <Response [200]>;
2022-07-03 21:58:08,605: Drone 21: Sending POST request with location to the groundstation on http://192.168.1.1:8000/update-info/: {'id': 21, 'lat': '-15.840304999999999', 'lng': '-47.9263846', 'alt': '-1.3760000000000001', 'device': 'uav', 'type': '102', 'seq': 131, 'ip': 'http://192.168.1.21:5071/'};
2022-07-03 21:58:08,661: Drone 21: Response from the groundstation: <Response [200]>;
2022-07-03 21:58:09,689: Drone 21: Sending POST request with location to the groundstation on http://192.168.1.1:8000/update-info/: {'id': 21, 'lat': '-15.8403055', 'lng': '-47.9263846', 'alt': '-1.3860000000000001', 'device': 'uav', 'type': '102', 'seq': 132, 'ip': 'http://192.168.1.21:5071/'};
2022-07-03 21:58:09,740: Drone 21: Response from the groundstation: <Response [200]>;
2022-07-03 21:58:10,769: Drone 21: Sending POST request with location to the groundstation on http://192.168.1.1:8000/update-info/: {'id': 21, 'lat': '-15.8403064', 'lng': '-47.9263854', 'alt': '-1.332', 'device': 'uav', 'type': '102', 'seq': 133, 'ip': 'http://192.168.1.21:5071/'};
2022-07-03 21:58:10,834: Drone 21: Response from the groundstation: <Response [200]>;
2022-07-03 21:58:11,846: Drone 21: Sending POST request with location to the groundstation on http://192.168.1.1:8000/update-info/: {'id': 21, 'lat': '-15.840306799999999', 'lng': '-47.9263863', 'alt': '-1.3', 'device': 'uav', 'type': '102', 'seq': 134, 'ip': 'http://192.168.1.21:5071/'};
2022-07-03 21:58:11,904: Drone 21: Response from the groundstation: <Response [200]>;
2022-07-03 21:58:12,924: Drone 21: Sending POST request with location to the groundstation on http://192.168.1.1:8000/update-info/: {'id': 21, 'lat': '-15.840307099999999', 'lng': '-47.9263871', 'alt': '-1.28', 'device': 'uav', 'type': '102', 'seq': 135, 'ip': 'http://192.168.1.21:5071/'};
2022-07-03 21:58:13,085: Drone 21: Response from the groundstation: <Response [200]>;
2022-07-03 21:58:14,106: Drone 21: Sending POST request with location to the groundstation on http://192.168.1.1:8000/update-info/: {'id': 21, 'lat': '-15.8403072', 'lng': '-47.9263875', 'alt': '-1.2750000000000001', 'device': 'uav', 'type': '102', 'seq': 136, 'ip': 'http://192.168.1.21:5071/'};
2022-07-03 21:58:14,164: Drone 21: Response from the groundstation: <Response [200]>;
2022-07-03 21:58:15,193: Drone 21: Sending POST request with location to the groundstation on http://192.168.1.1:8000/update-info/: {'id': 21, 'lat': '-15.840307699999999', 'lng': '-47.9263882', 'alt': '-1.282', 'device': 'uav', 'type': '102', 'seq': 137, 'ip': 'http://192.168.1.21:5071/'};
2022-07-03 21:58:15,253: Drone 21: Response from the groundstation: <Response [200]>;
2022-07-03 21:58:16,280: Drone 21: Sending POST request with location to the groundstation on http://192.168.1.1:8000/update-info/: {'id': 21, 'lat': '-15.840307899999999', 'lng': '-47.926388499999995', 'alt': '-1.292', 'device': 'uav', 'type': '102', 'seq': 138, 'ip': 'http://192.168.1.21:5071/'};
2022-07-03 21:58:16,394: Drone 21: Response from the groundstation: <Response [200]>;
2022-07-03 21:58:17,418: Drone 21: Sending POST request with location to the groundstation on http://192.168.1.1:8000/update-info/: {'id': 21, 'lat': '-15.840308299999998', 'lng': '-47.926388599999996', 'alt': '-1.295', 'device': 'uav', 'type': '102', 'seq': 139, 'ip': 'http://192.168.1.21:5071/'};
2022-07-03 21:58:17,743: Drone 21: Response from the groundstation: <Response [200]>;
2022-07-03 21:58:18,769: Drone 21: Sending POST request with location to the groundstation on http://192.168.1.1:8000/update-info/: {'id': 21, 'lat': '-15.840308499999999', 'lng': '-47.926389199999996', 'alt': '-1.294', 'device': 'uav', 'type': '102', 'seq': 140, 'ip': 'http://192.168.1.21:5071/'};
2022-07-03 21:58:18,835: Drone 21: Response from the groundstation: <Response [200]>;
2022-07-03 21:58:19,878: Drone 21: Sending POST request with location to the groundstation on http://192.168.1.1:8000/update-info/: {'id': 21, 'lat': '-15.840309', 'lng': '-47.926389799999995', 'alt': '-1.25', 'device': 'uav', 'type': '102', 'seq': 141, 'ip': 'http://192.168.1.21:5071/'};
2022-07-03 21:58:20,013: Drone 21: Response from the groundstation: <Response [200]>;
2022-07-03 21:58:21,030: Drone 21: Sending POST request with location to the groundstation on http://192.168.1.1:8000/update-info/: {'id': 21, 'lat': '-15.8403093', 'lng': '-47.9263903', 'alt': '-1.192', 'device': 'uav', 'type': '102', 'seq': 142, 'ip': 'http://192.168.1.21:5071/'};
2022-07-03 21:58:21,079: Drone 21: Response from the groundstation: <Response [200]>;
2022-07-03 21:58:22,103: Drone 21: Sending POST request with location to the groundstation on http://192.168.1.1:8000/update-info/: {'id': 21, 'lat': '-15.8403092', 'lng': '-47.926390399999995', 'alt': '-1.198', 'device': 'uav', 'type': '102', 'seq': 143, 'ip': 'http://192.168.1.21:5071/'};
2022-07-03 21:58:22,173: Drone 21: Response from the groundstation: <Response [200]>;
2022-07-03 21:58:23,201: Drone 21: Sending POST request with location to the groundstation on http://192.168.1.1:8000/update-info/: {'id': 21, 'lat': '-15.840309399999999', 'lng': '-47.9263907', 'alt': '-1.202', 'device': 'uav', 'type': '102', 'seq': 144, 'ip': 'http://192.168.1.21:5071/'};
2022-07-03 21:58:23,253: Drone 21: Response from the groundstation: <Response [200]>;
2022-07-03 21:58:24,276: Drone 21: Sending POST request with location to the groundstation on http://192.168.1.1:8000/update-info/: {'id': 21, 'lat': '-15.840309399999999', 'lng': '-47.9263907', 'alt': '-1.223', 'device': 'uav', 'type': '102', 'seq': 145, 'ip': 'http://192.168.1.21:5071/'};
2022-07-03 21:58:24,365: Drone 21: Response from the groundstation: <Response [200]>;
2022-07-03 21:58:25,389: Drone 21: Sending POST request with location to the groundstation on http://192.168.1.1:8000/update-info/: {'id': 21, 'lat': '-15.8403095', 'lng': '-47.9263906', 'alt': '-1.233', 'device': 'uav', 'type': '102', 'seq': 146, 'ip': 'http://192.168.1.21:5071/'};
2022-07-03 21:58:25,690: Drone 21: Response from the groundstation: <Response [200]>;
2022-07-03 21:58:26,713: Drone 21: Sending POST request with location to the groundstation on http://192.168.1.1:8000/update-info/: {'id': 21, 'lat': '-15.840309', 'lng': '-47.926390399999995', 'alt': '-1.229', 'device': 'uav', 'type': '102', 'seq': 147, 'ip': 'http://192.168.1.21:5071/'};
2022-07-03 21:58:26,776: Drone 21: Response from the groundstation: <Response [200]>;
2022-07-03 21:58:27,799: Drone 21: Sending POST request with location to the groundstation on http://192.168.1.1:8000/update-info/: {'id': 21, 'lat': '-15.8403089', 'lng': '-47.926390399999995', 'alt': '-1.222', 'device': 'uav', 'type': '102', 'seq': 148, 'ip': 'http://192.168.1.21:5071/'};
2022-07-03 21:58:27,880: Drone 21: Response from the groundstation: <Response [200]>;
2022-07-03 21:58:28,900: Drone 21: Sending POST request with location to the groundstation on http://192.168.1.1:8000/update-info/: {'id': 21, 'lat': '-15.8403087', 'lng': '-47.926390399999995', 'alt': '-1.212', 'device': 'uav', 'type': '102', 'seq': 149, 'ip': 'http://192.168.1.21:5071/'};
2022-07-03 21:58:29,179: Drone 21: Response from the groundstation: <Response [200]>;
2022-07-03 21:58:30,194: Drone 21: Sending POST request with location to the groundstation on http://192.168.1.1:8000/update-info/: {'id': 21, 'lat': '-15.8403081', 'lng': '-47.926390399999995', 'alt': '-1.187', 'device': 'uav', 'type': '102', 'seq': 150, 'ip': 'http://192.168.1.21:5071/'};
2022-07-03 21:58:30,263: Drone 21: Response from the groundstation: <Response [200]>;
2022-07-03 21:58:31,289: Drone 21: Sending POST request with location to the groundstation on http://192.168.1.1:8000/update-info/: {'id': 21, 'lat': '-15.840307999999999', 'lng': '-47.9263905', 'alt': '-1.189', 'device': 'uav', 'type': '102', 'seq': 151, 'ip': 'http://192.168.1.21:5071/'};
2022-07-03 21:58:31,334: Drone 21: Response from the groundstation: <Response [200]>;
2022-07-03 21:58:32,356: Drone 21: Sending POST request with location to the groundstation on http://192.168.1.1:8000/update-info/: {'id': 21, 'lat': '-15.840307699999999', 'lng': '-47.9263905', 'alt': '-1.193', 'device': 'uav', 'type': '102', 'seq': 152, 'ip': 'http://192.168.1.21:5071/'};
2022-07-03 21:58:32,631: Drone 21: Response from the groundstation: <Response [200]>;
2022-07-03 21:58:33,656: Drone 21: Sending POST request with location to the groundstation on http://192.168.1.1:8000/update-info/: {'id': 21, 'lat': '-15.8403072', 'lng': '-47.9263903', 'alt': '-1.207', 'device': 'uav', 'type': '102', 'seq': 153, 'ip': 'http://192.168.1.21:5071/'};
2022-07-03 21:58:33,729: Drone 21: Response from the groundstation: <Response [200]>;
2022-07-03 21:58:34,741: Drone 21: Sending POST request with location to the groundstation on http://192.168.1.1:8000/update-info/: {'id': 21, 'lat': '-15.840306799999999', 'lng': '-47.9263902', 'alt': '-1.226', 'device': 'uav', 'type': '102', 'seq': 154, 'ip': 'http://192.168.1.21:5071/'};
2022-07-03 21:58:35,089: Drone 21: Response from the groundstation: <Response [200]>;
2022-07-03 21:58:36,118: Drone 21: Sending POST request with location to the groundstation on http://192.168.1.1:8000/update-info/: {'id': 21, 'lat': '-15.8403064', 'lng': '-47.9263902', 'alt': '-1.222', 'device': 'uav', 'type': '102', 'seq': 155, 'ip': 'http://192.168.1.21:5071/'};
2022-07-03 21:58:36,181: Drone 21: Response from the groundstation: <Response [200]>;
2022-07-03 21:58:37,204: Drone 21: Sending POST request with location to the groundstation on http://192.168.1.1:8000/update-info/: {'id': 21, 'lat': '-15.8403061', 'lng': '-47.9263902', 'alt': '-1.22', 'device': 'uav', 'type': '102', 'seq': 156, 'ip': 'http://192.168.1.21:5071/'};
2022-07-03 21:58:37,324: Drone 21: Response from the groundstation: <Response [200]>;
2022-07-03 21:58:38,353: Drone 21: Sending POST request with location to the groundstation on http://192.168.1.1:8000/update-info/: {'id': 21, 'lat': '-15.840305599999999', 'lng': '-47.926389699999994', 'alt': '-1.231', 'device': 'uav', 'type': '102', 'seq': 157, 'ip': 'http://192.168.1.21:5071/'};
2022-07-03 21:58:38,481: Drone 21: Response from the groundstation: <Response [200]>;
2022-07-03 21:58:39,503: Drone 21: Sending POST request with location to the groundstation on http://192.168.1.1:8000/update-info/: {'id': 21, 'lat': '-15.840305299999999', 'lng': '-47.9263896', 'alt': '-1.18', 'device': 'uav', 'type': '102', 'seq': 158, 'ip': 'http://192.168.1.21:5071/'};
2022-07-03 21:58:39,569: Drone 21: Response from the groundstation: <Response [200]>;
2022-07-03 21:58:40,581: Drone 21: Sending POST request with location to the groundstation on http://192.168.1.1:8000/update-info/: {'id': 21, 'lat': '-15.840305299999999', 'lng': '-47.9263896', 'alt': '-1.169', 'device': 'uav', 'type': '102', 'seq': 159, 'ip': 'http://192.168.1.21:5071/'};
2022-07-03 21:58:40,603: Drone 21: Response from the groundstation: <Response [200]>;
2022-07-03 21:58:41,614: Drone 21: Sending POST request with location to the groundstation on http://192.168.1.1:8000/update-info/: {'id': 21, 'lat': '-15.840305599999999', 'lng': '-47.926389799999995', 'alt': '-1.147', 'device': 'uav', 'type': '102', 'seq': 160, 'ip': 'http://192.168.1.21:5071/'};
2022-07-03 21:58:41,690: Drone 21: Response from the groundstation: <Response [200]>;
2022-07-03 21:58:42,713: Drone 21: Sending POST request with location to the groundstation on http://192.168.1.1:8000/update-info/: {'id': 21, 'lat': '-15.8403057', 'lng': '-47.9263902', 'alt': '-1.1380000000000001', 'device': 'uav', 'type': '102', 'seq': 161, 'ip': 'http://192.168.1.21:5071/'};
2022-07-03 21:58:42,744: Drone 21: Response from the groundstation: <Response [200]>;
2022-07-03 21:58:43,770: Drone 21: Sending POST request with location to the groundstation on http://192.168.1.1:8000/update-info/: {'id': 21, 'lat': '-15.8403058', 'lng': '-47.9263905', 'alt': '-1.123', 'device': 'uav', 'type': '102', 'seq': 162, 'ip': 'http://192.168.1.21:5071/'};
2022-07-03 21:58:43,881: Drone 21: Response from the groundstation: <Response [200]>;
2022-07-03 21:58:44,917: Drone 21: Sending POST request with location to the groundstation on http://192.168.1.1:8000/update-info/: {'id': 21, 'lat': '-15.8403057', 'lng': '-47.9263902', 'alt': '-1.113', 'device': 'uav', 'type': '102', 'seq': 163, 'ip': 'http://192.168.1.21:5071/'};
2022-07-03 21:58:45,050: Drone 21: Response from the groundstation: <Response [200]>;
2022-07-03 21:58:46,061: Drone 21: Sending POST request with location to the groundstation on http://192.168.1.1:8000/update-info/: {'id': 21, 'lat': '-15.8403057', 'lng': '-47.92639', 'alt': '-1.102', 'device': 'uav', 'type': '102', 'seq': 164, 'ip': 'http://192.168.1.21:5071/'};
2022-07-03 21:58:46,109: Drone 21: Response from the groundstation: <Response [200]>;
2022-07-03 21:58:47,132: Drone 21: Sending POST request with location to the groundstation on http://192.168.1.1:8000/update-info/: {'id': 21, 'lat': '-15.8403058', 'lng': '-47.9263895', 'alt': '-1.081', 'device': 'uav', 'type': '102', 'seq': 165, 'ip': 'http://192.168.1.21:5071/'};
2022-07-03 21:58:47,210: Drone 21: Response from the groundstation: <Response [200]>;
2022-07-03 21:58:48,233: Drone 21: Sending POST request with location to the groundstation on http://192.168.1.1:8000/update-info/: {'id': 21, 'lat': '-15.840305599999999', 'lng': '-47.9263889', 'alt': '-1.103', 'device': 'uav', 'type': '102', 'seq': 166, 'ip': 'http://192.168.1.21:5071/'};
2022-07-03 21:58:48,264: Drone 21: Response from the groundstation: <Response [200]>;
2022-07-03 21:58:49,288: Drone 21: Sending POST request with location to the groundstation on http://192.168.1.1:8000/update-info/: {'id': 21, 'lat': '-15.8403055', 'lng': '-47.926388599999996', 'alt': '-1.093', 'device': 'uav', 'type': '102', 'seq': 167, 'ip': 'http://192.168.1.21:5071/'};
2022-07-03 21:58:49,329: Drone 21: Response from the groundstation: <Response [200]>;
2022-07-03 21:58:50,353: Drone 21: Sending POST request with location to the groundstation on http://192.168.1.1:8000/update-info/: {'id': 21, 'lat': '-15.8403055', 'lng': '-47.926388599999996', 'alt': '-1.092', 'device': 'uav', 'type': '102', 'seq': 168, 'ip': 'http://192.168.1.21:5071/'};
2022-07-03 21:58:50,412: Drone 21: Response from the groundstation: <Response [200]>;
2022-07-03 21:58:51,430: Drone 21: Sending POST request with location to the groundstation on http://192.168.1.1:8000/update-info/: {'id': 21, 'lat': '-15.8403054', 'lng': '-47.9263887', 'alt': '-1.088', 'device': 'uav', 'type': '102', 'seq': 169, 'ip': 'http://192.168.1.21:5071/'};
2022-07-03 21:58:51,476: Drone 21: Response from the groundstation: <Response [200]>;
2022-07-03 21:58:52,488: Drone 21: Sending POST request with location to the groundstation on http://192.168.1.1:8000/update-info/: {'id': 21, 'lat': '-15.8403054', 'lng': '-47.9263889', 'alt': '-1.069', 'device': 'uav', 'type': '102', 'seq': 170, 'ip': 'http://192.168.1.21:5071/'};
2022-07-03 21:58:52,532: Drone 21: Response from the groundstation: <Response [200]>;
2022-07-03 21:58:53,544: Drone 21: Sending POST request with location to the groundstation on http://192.168.1.1:8000/update-info/: {'id': 21, 'lat': '-15.8403054', 'lng': '-47.9263888', 'alt': '-1.078', 'device': 'uav', 'type': '102', 'seq': 171, 'ip': 'http://192.168.1.21:5071/'};
2022-07-03 21:58:53,588: Drone 21: Response from the groundstation: <Response [200]>;
2022-07-03 21:58:54,617: Drone 21: Sending POST request with location to the groundstation on http://192.168.1.1:8000/update-info/: {'id': 21, 'lat': '-15.8403052', 'lng': '-47.9263888', 'alt': '-1.092', 'device': 'uav', 'type': '102', 'seq': 172, 'ip': 'http://192.168.1.21:5071/'};
2022-07-03 21:58:54,680: Drone 21: Response from the groundstation: <Response [200]>;
2022-07-03 21:58:55,706: Drone 21: Sending POST request with location to the groundstation on http://192.168.1.1:8000/update-info/: {'id': 21, 'lat': '-15.840304999999999', 'lng': '-47.9263887', 'alt': '-1.087', 'device': 'uav', 'type': '102', 'seq': 173, 'ip': 'http://192.168.1.21:5071/'};
2022-07-03 21:58:55,780: Drone 21: Response from the groundstation: <Response [200]>;
2022-07-03 21:58:56,802: Drone 21: Sending POST request with location to the groundstation on http://192.168.1.1:8000/update-info/: {'id': 21, 'lat': '-15.8403049', 'lng': '-47.9263888', 'alt': '-1.065', 'device': 'uav', 'type': '102', 'seq': 174, 'ip': 'http://192.168.1.21:5071/'};
2022-07-03 21:58:56,879: Drone 21: Response from the groundstation: <Response [200]>;
2022-07-03 21:58:57,893: Drone 21: Sending POST request with location to the groundstation on http://192.168.1.1:8000/update-info/: {'id': 21, 'lat': '-15.8403049', 'lng': '-47.9263889', 'alt': '-1.078', 'device': 'uav', 'type': '102', 'seq': 175, 'ip': 'http://192.168.1.21:5071/'};
2022-07-03 21:58:57,968: Drone 21: Response from the groundstation: <Response [200]>;
2022-07-03 21:58:58,987: Drone 21: Sending POST request with location to the groundstation on http://192.168.1.1:8000/update-info/: {'id': 21, 'lat': '-15.840304999999999', 'lng': '-47.9263888', 'alt': '-1.095', 'device': 'uav', 'type': '102', 'seq': 176, 'ip': 'http://192.168.1.21:5071/'};
2022-07-03 21:58:59,173: Drone 21: Response from the groundstation: <Response [200]>;
2022-07-03 21:59:00,200: Drone 21: Sending POST request with location to the groundstation on http://192.168.1.1:8000/update-info/: {'id': 21, 'lat': '-15.840305299999999', 'lng': '-47.926389099999994', 'alt': '-1.095', 'device': 'uav', 'type': '102', 'seq': 177, 'ip': 'http://192.168.1.21:5071/'};
2022-07-03 21:59:00,282: Drone 21: Response from the groundstation: <Response [200]>;
2022-07-03 21:59:01,294: Drone 21: Sending POST request with location to the groundstation on http://192.168.1.1:8000/update-info/: {'id': 21, 'lat': '-15.8403054', 'lng': '-47.926389199999996', 'alt': '-1.095', 'device': 'uav', 'type': '102', 'seq': 178, 'ip': 'http://192.168.1.21:5071/'};
2022-07-03 21:59:01,338: Drone 21: Response from the groundstation: <Response [200]>;
2022-07-03 21:59:02,361: Drone 21: Sending POST request with location to the groundstation on http://192.168.1.1:8000/update-info/: {'id': 21, 'lat': '-15.840305599999999', 'lng': '-47.9263896', 'alt': '-1.067', 'device': 'uav', 'type': '102', 'seq': 179, 'ip': 'http://192.168.1.21:5071/'};
2022-07-03 21:59:02,595: Drone 21: Response from the groundstation: <Response [200]>;
2022-07-03 21:59:03,619: Drone 21: Sending POST request with location to the groundstation on http://192.168.1.1:8000/update-info/: {'id': 21, 'lat': '-15.840305899999999', 'lng': '-47.92639', 'alt': '-1.05', 'device': 'uav', 'type': '102', 'seq': 180, 'ip': 'http://192.168.1.21:5071/'};
2022-07-03 21:59:04,179: Drone 21: Response from the groundstation: <Response [200]>;
2022-07-03 21:59:05,205: Drone 21: Sending POST request with location to the groundstation on http://192.168.1.1:8000/update-info/: {'id': 21, 'lat': '-15.840306199999999', 'lng': '-47.9263906', 'alt': '-1.035', 'device': 'uav', 'type': '102', 'seq': 181, 'ip': 'http://192.168.1.21:5071/'};
2022-07-03 21:59:05,308: Drone 21: Response from the groundstation: <Response [200]>;
2022-07-03 21:59:06,322: Drone 21: Sending POST request with location to the groundstation on http://192.168.1.1:8000/update-info/: {'id': 21, 'lat': '-15.840306199999999', 'lng': '-47.9263912', 'alt': '-1.018', 'device': 'uav', 'type': '102', 'seq': 182, 'ip': 'http://192.168.1.21:5071/'};
2022-07-03 21:59:06,376: Drone 21: Response from the groundstation: <Response [200]>;
2022-07-03 21:59:07,400: Drone 21: Sending POST request with location to the groundstation on http://192.168.1.1:8000/update-info/: {'id': 21, 'lat': '-15.840306499999999', 'lng': '-47.9263914', 'alt': '-1.0070000000000001', 'device': 'uav', 'type': '102', 'seq': 183, 'ip': 'http://192.168.1.21:5071/'};
2022-07-03 21:59:07,601: Drone 21: Response from the groundstation: <Response [200]>;
2022-07-03 21:59:08,633: Drone 21: Sending POST request with location to the groundstation on http://192.168.1.1:8000/update-info/: {'id': 21, 'lat': '-15.8403066', 'lng': '-47.926391599999995', 'alt': '-1.0', 'device': 'uav', 'type': '102', 'seq': 184, 'ip': 'http://192.168.1.21:5071/'};
2022-07-03 21:59:08,777: Drone 21: Response from the groundstation: <Response [200]>;
2022-07-03 21:59:09,800: Drone 21: Sending POST request with location to the groundstation on http://192.168.1.1:8000/update-info/: {'id': 21, 'lat': '-15.840306799999999', 'lng': '-47.9263918', 'alt': '-1.0190000000000001', 'device': 'uav', 'type': '102', 'seq': 185, 'ip': 'http://192.168.1.21:5071/'};
2022-07-03 21:59:09,875: Drone 21: Response from the groundstation: <Response [200]>;
2022-07-03 21:59:10,902: Drone 21: Sending POST request with location to the groundstation on http://192.168.1.1:8000/update-info/: {'id': 21, 'lat': '-15.840307', 'lng': '-47.9263918', 'alt': '-1.0090000000000001', 'device': 'uav', 'type': '102', 'seq': 186, 'ip': 'http://192.168.1.21:5071/'};
2022-07-03 21:59:10,964: Drone 21: Response from the groundstation: <Response [200]>;
2022-07-03 21:59:11,992: Drone 21: Sending POST request with location to the groundstation on http://192.168.1.1:8000/update-info/: {'id': 21, 'lat': '-15.8403073', 'lng': '-47.926392', 'alt': '-1.01', 'device': 'uav', 'type': '102', 'seq': 187, 'ip': 'http://192.168.1.21:5071/'};
2022-07-03 21:59:12,053: Drone 21: Response from the groundstation: <Response [200]>;
2022-07-03 21:59:13,080: Drone 21: Sending POST request with location to the groundstation on http://192.168.1.1:8000/update-info/: {'id': 21, 'lat': '-15.8403076', 'lng': '-47.9263925', 'alt': '-1.0', 'device': 'uav', 'type': '102', 'seq': 188, 'ip': 'http://192.168.1.21:5071/'};
2022-07-03 21:59:13,129: Drone 21: Response from the groundstation: <Response [200]>;
2022-07-03 21:59:34,841: Drone 21: Sending POST request with location to the groundstation on http://192.168.1.1:8000/update-info/: {'id': 21, 'lat': '-15.8403133', 'lng': '-47.9263887', 'alt': '0.109', 'device': 'uav', 'type': '102', 'seq': 189, 'ip': 'http://192.168.1.21:5071/'};
2022-07-03 21:59:34,879: Drone 21: Response from the groundstation: <Response [200]>;
2022-07-03 21:59:35,903: Drone 21: Sending POST request with location to the groundstation on http://192.168.1.1:8000/update-info/: {'id': 21, 'lat': '-15.840314', 'lng': '-47.926389099999994', 'alt': '0.123', 'device': 'uav', 'type': '102', 'seq': 190, 'ip': 'http://192.168.1.21:5071/'};
2022-07-03 21:59:35,952: Drone 21: Response from the groundstation: <Response [200]>;
2022-07-03 21:59:36,968: Drone 21: Sending POST request with location to the groundstation on http://192.168.1.1:8000/update-info/: {'id': 21, 'lat': '-15.8403143', 'lng': '-47.926389199999996', 'alt': '0.133', 'device': 'uav', 'type': '102', 'seq': 191, 'ip': 'http://192.168.1.21:5071/'};
2022-07-03 21:59:37,059: Drone 21: Response from the groundstation: <Response [200]>;
2022-07-03 21:59:38,080: Drone 21: Sending POST request with location to the groundstation on http://192.168.1.1:8000/update-info/: {'id': 21, 'lat': '-15.8403148', 'lng': '-47.9263896', 'alt': '0.136', 'device': 'uav', 'type': '102', 'seq': 192, 'ip': 'http://192.168.1.21:5071/'};
2022-07-03 21:59:38,170: Drone 21: Response from the groundstation: <Response [200]>;
2022-07-03 21:59:39,181: Drone 21: Sending POST request with location to the groundstation on http://192.168.1.1:8000/update-info/: {'id': 21, 'lat': '-15.8403154', 'lng': '-47.92639', 'alt': '0.139', 'device': 'uav', 'type': '102', 'seq': 193, 'ip': 'http://192.168.1.21:5071/'};
2022-07-03 21:59:39,258: Drone 21: Response from the groundstation: <Response [200]>;
2022-07-03 21:59:40,285: Drone 21: Sending POST request with location to the groundstation on http://192.168.1.1:8000/update-info/: {'id': 21, 'lat': '-15.840315899999998', 'lng': '-47.9263905', 'alt': '0.137', 'device': 'uav', 'type': '102', 'seq': 194, 'ip': 'http://192.168.1.21:5071/'};
2022-07-03 21:59:40,350: Drone 21: Response from the groundstation: <Response [200]>;
2022-07-03 21:59:41,378: Drone 21: Sending POST request with location to the groundstation on http://192.168.1.1:8000/update-info/: {'id': 21, 'lat': '-15.8403163', 'lng': '-47.926390999999995', 'alt': '0.14200000000000002', 'device': 'uav', 'type': '102', 'seq': 195, 'ip': 'http://192.168.1.21:5071/'};
2022-07-03 21:59:41,586: Drone 21: Response from the groundstation: <Response [200]>;
2022-07-03 21:59:42,597: Drone 21: Sending POST request with location to the groundstation on http://192.168.1.1:8000/update-info/: {'id': 21, 'lat': '-15.8403169', 'lng': '-47.9263911', 'alt': '0.156', 'device': 'uav', 'type': '102', 'seq': 196, 'ip': 'http://192.168.1.21:5071/'};
2022-07-03 21:59:42,751: Drone 21: Response from the groundstation: <Response [200]>;
2022-07-03 21:59:43,772: Drone 21: Sending POST request with location to the groundstation on http://192.168.1.1:8000/update-info/: {'id': 21, 'lat': '-15.8403172', 'lng': '-47.9263913', 'alt': '0.16', 'device': 'uav', 'type': '102', 'seq': 197, 'ip': 'http://192.168.1.21:5071/'};
2022-07-03 21:59:43,865: Drone 21: Response from the groundstation: <Response [200]>;
2022-07-03 21:59:44,888: Drone 21: Sending POST request with location to the groundstation on http://192.168.1.1:8000/update-info/: {'id': 21, 'lat': '-15.8403174', 'lng': '-47.9263913', 'alt': '0.14200000000000002', 'device': 'uav', 'type': '102', 'seq': 198, 'ip': 'http://192.168.1.21:5071/'};
2022-07-03 21:59:45,001: Drone 21: Response from the groundstation: <Response [200]>;
2022-07-03 21:59:46,028: Drone 21: Sending POST request with location to the groundstation on http://192.168.1.1:8000/update-info/: {'id': 21, 'lat': '-15.8403177', 'lng': '-47.9263911', 'alt': '0.117', 'device': 'uav', 'type': '102', 'seq': 199, 'ip': 'http://192.168.1.21:5071/'};
2022-07-03 21:59:46,086: Drone 21: Response from the groundstation: <Response [200]>;
2022-07-03 21:59:47,109: Drone 21: Sending POST request with location to the groundstation on http://192.168.1.1:8000/update-info/: {'id': 21, 'lat': '-15.8403177', 'lng': '-47.9263911', 'alt': '0.101', 'device': 'uav', 'type': '102', 'seq': 200, 'ip': 'http://192.168.1.21:5071/'};
2022-07-03 21:59:47,220: Drone 21: Response from the groundstation: <Response [200]>;
2022-07-03 21:59:48,243: Drone 21: Sending POST request with location to the groundstation on http://192.168.1.1:8000/update-info/: {'id': 21, 'lat': '-15.840317899999999', 'lng': '-47.9263911', 'alt': '0.096', 'device': 'uav', 'type': '102', 'seq': 201, 'ip': 'http://192.168.1.21:5071/'};
2022-07-03 21:59:48,299: Drone 21: Response from the groundstation: <Response [200]>;
2022-07-03 21:59:49,323: Drone 21: Sending POST request with location to the groundstation on http://192.168.1.1:8000/update-info/: {'id': 21, 'lat': '-15.8403181', 'lng': '-47.9263913', 'alt': '0.11800000000000001', 'device': 'uav', 'type': '102', 'seq': 202, 'ip': 'http://192.168.1.21:5071/'};
2022-07-03 21:59:49,367: Drone 21: Response from the groundstation: <Response [200]>;
2022-07-03 21:59:50,389: Drone 21: Sending POST request with location to the groundstation on http://192.168.1.1:8000/update-info/: {'id': 21, 'lat': '-15.8403184', 'lng': '-47.9263914', 'alt': '0.127', 'device': 'uav', 'type': '102', 'seq': 203, 'ip': 'http://192.168.1.21:5071/'};
2022-07-03 21:59:50,587: Drone 21: Response from the groundstation: <Response [200]>;
2022-07-03 21:59:51,614: Drone 21: Sending POST request with location to the groundstation on http://192.168.1.1:8000/update-info/: {'id': 21, 'lat': '-15.8403186', 'lng': '-47.9263915', 'alt': '0.133', 'device': 'uav', 'type': '102', 'seq': 204, 'ip': 'http://192.168.1.21:5071/'};
2022-07-03 21:59:51,787: Drone 21: Response from the groundstation: <Response [200]>;
2022-07-03 21:59:52,799: Drone 21: Sending POST request with location to the groundstation on http://192.168.1.1:8000/update-info/: {'id': 21, 'lat': '-15.840319', 'lng': '-47.9263914', 'alt': '0.137', 'device': 'uav', 'type': '102', 'seq': 205, 'ip': 'http://192.168.1.21:5071/'};
2022-07-03 21:59:53,187: Drone 21: Response from the groundstation: <Response [200]>;
2022-07-03 21:59:54,215: Drone 21: Sending POST request with location to the groundstation on http://192.168.1.1:8000/update-info/: {'id': 21, 'lat': '-15.8403192', 'lng': '-47.9263913', 'alt': '0.17400000000000002', 'device': 'uav', 'type': '102', 'seq': 206, 'ip': 'http://192.168.1.21:5071/'};
2022-07-03 21:59:54,275: Drone 21: Response from the groundstation: <Response [200]>;
2022-07-03 21:59:55,297: Drone 21: Sending POST request with location to the groundstation on http://192.168.1.1:8000/update-info/: {'id': 21, 'lat': '-15.840319599999999', 'lng': '-47.9263913', 'alt': '0.219', 'device': 'uav', 'type': '102', 'seq': 207, 'ip': 'http://192.168.1.21:5071/'};
2022-07-03 21:59:55,365: Drone 21: Response from the groundstation: <Response [200]>;
2022-07-03 21:59:56,402: Drone 21: Sending POST request with location to the groundstation on http://192.168.1.1:8000/update-info/: {'id': 21, 'lat': '-15.840319899999999', 'lng': '-47.9263914', 'alt': '0.211', 'device': 'uav', 'type': '102', 'seq': 208, 'ip': 'http://192.168.1.21:5071/'};
2022-07-03 21:59:56,692: Drone 21: Response from the groundstation: <Response [200]>;
2022-07-03 21:59:57,715: Drone 21: Sending POST request with location to the groundstation on http://192.168.1.1:8000/update-info/: {'id': 21, 'lat': '-15.8403203', 'lng': '-47.9263914', 'alt': '0.209', 'device': 'uav', 'type': '102', 'seq': 209, 'ip': 'http://192.168.1.21:5071/'};
2022-07-03 21:59:57,742: Drone 21: Response from the groundstation: <Response [200]>;
2022-07-03 21:59:58,770: Drone 21: Sending POST request with location to the groundstation on http://192.168.1.1:8000/update-info/: {'id': 21, 'lat': '-15.8403206', 'lng': '-47.9263915', 'alt': '0.20500000000000002', 'device': 'uav', 'type': '102', 'seq': 210, 'ip': 'http://192.168.1.21:5071/'};
2022-07-03 21:59:58,810: Drone 21: Response from the groundstation: <Response [200]>;
2022-07-03 21:59:59,837: Drone 21: Sending POST request with location to the groundstation on http://192.168.1.1:8000/update-info/: {'id': 21, 'lat': '-15.840321099999999', 'lng': '-47.926391599999995', 'alt': '0.17', 'device': 'uav', 'type': '102', 'seq': 211, 'ip': 'http://192.168.1.21:5071/'};
2022-07-03 22:00:00,228: Drone 21: Response from the groundstation: <Response [200]>;
2022-07-03 22:00:01,252: Drone 21: Sending POST request with location to the groundstation on http://192.168.1.1:8000/update-info/: {'id': 21, 'lat': '-15.8403215', 'lng': '-47.9263915', 'alt': '0.132', 'device': 'uav', 'type': '102', 'seq': 212, 'ip': 'http://192.168.1.21:5071/'};
2022-07-03 22:00:01,299: Drone 21: Response from the groundstation: <Response [200]>;
2022-07-03 22:00:02,322: Drone 21: Sending POST request with location to the groundstation on http://192.168.1.1:8000/update-info/: {'id': 21, 'lat': '-15.8403222', 'lng': '-47.926391699999996', 'alt': '0.124', 'device': 'uav', 'type': '102', 'seq': 213, 'ip': 'http://192.168.1.21:5071/'};
2022-07-03 22:00:02,371: Drone 21: Response from the groundstation: <Response [200]>;
2022-07-03 22:00:03,384: Drone 21: Sending POST request with location to the groundstation on http://192.168.1.1:8000/update-info/: {'id': 21, 'lat': '-15.8403227', 'lng': '-47.926391699999996', 'alt': '0.152', 'device': 'uav', 'type': '102', 'seq': 214, 'ip': 'http://192.168.1.21:5071/'};
2022-07-03 22:00:03,490: Drone 21: Response from the groundstation: <Response [200]>;
2022-07-03 22:00:04,504: Drone 21: Sending POST request with location to the groundstation on http://192.168.1.1:8000/update-info/: {'id': 21, 'lat': '-15.840323799999998', 'lng': '-47.9263921', 'alt': '-0.022', 'device': 'uav', 'type': '102', 'seq': 215, 'ip': 'http://192.168.1.21:5071/'};
2022-07-03 22:00:04,727: Drone 21: Response from the groundstation: <Response [200]>;
2022-07-03 22:00:05,739: Drone 21: Sending POST request with location to the groundstation on http://192.168.1.1:8000/update-info/: {'id': 21, 'lat': '-15.8403242', 'lng': '-47.926392199999995', 'alt': '-0.044', 'device': 'uav', 'type': '102', 'seq': 216, 'ip': 'http://192.168.1.21:5071/'};
2022-07-03 22:00:05,814: Drone 21: Response from the groundstation: <Response [200]>;
2022-07-03 22:00:06,840: Drone 21: Sending POST request with location to the groundstation on http://192.168.1.1:8000/update-info/: {'id': 21, 'lat': '-15.8403247', 'lng': '-47.926392299999996', 'alt': '-0.041', 'device': 'uav', 'type': '102', 'seq': 217, 'ip': 'http://192.168.1.21:5071/'};
2022-07-03 22:00:06,918: Drone 21: Response from the groundstation: <Response [200]>;
2022-07-03 22:00:07,937: Drone 21: Sending POST request with location to the groundstation on http://192.168.1.1:8000/update-info/: {'id': 21, 'lat': '-15.840324899999999', 'lng': '-47.9263926', 'alt': '0.032', 'device': 'uav', 'type': '102', 'seq': 218, 'ip': 'http://192.168.1.21:5071/'};
2022-07-03 22:00:08,237: Drone 21: Response from the groundstation: <Response [200]>;
2022-07-03 22:00:09,249: Drone 21: Sending POST request with location to the groundstation on http://192.168.1.1:8000/update-info/: {'id': 21, 'lat': '-15.8403248', 'lng': '-47.926392799999995', 'alt': '0.517', 'device': 'uav', 'type': '102', 'seq': 219, 'ip': 'http://192.168.1.21:5071/'};
2022-07-03 22:00:09,370: Drone 21: Response from the groundstation: <Response [200]>;
2022-07-03 22:00:10,382: Drone 21: Sending POST request with location to the groundstation on http://192.168.1.1:8000/update-info/: {'id': 21, 'lat': '-15.840323499999998', 'lng': '-47.926394599999995', 'alt': '2.172', 'device': 'uav', 'type': '102', 'seq': 220, 'ip': 'http://192.168.1.21:5071/'};
2022-07-03 22:00:11,673: Drone 21: Response from the groundstation: <Response [200]>;
2022-07-03 22:00:12,698: Drone 21: Sending POST request with location to the groundstation on http://192.168.1.1:8000/update-info/: {'id': 21, 'lat': '-15.8403247', 'lng': '-47.926396', 'alt': '4.489', 'device': 'uav', 'type': '102', 'seq': 221, 'ip': 'http://192.168.1.21:5071/'};
2022-07-03 22:00:12,866: Drone 21: Response from the groundstation: <Response [200]>;
2022-07-03 22:00:13,893: Drone 21: Sending POST request with location to the groundstation on http://192.168.1.1:8000/update-info/: {'id': 21, 'lat': '-15.8403256', 'lng': '-47.9263963', 'alt': '6.529', 'device': 'uav', 'type': '102', 'seq': 222, 'ip': 'http://192.168.1.21:5071/'};
2022-07-03 22:00:14,365: Drone 21: Response from the groundstation: <Response [200]>;
2022-07-03 22:00:15,401: Drone 21: Sending POST request with location to the groundstation on http://192.168.1.1:8000/update-info/: {'id': 21, 'lat': '-15.840330199999999', 'lng': '-47.926400099999995', 'alt': '9.115', 'device': 'uav', 'type': '102', 'seq': 223, 'ip': 'http://192.168.1.21:5071/'};
2022-07-03 22:00:15,816: Drone 21: Response from the groundstation: <Response [200]>;
2022-07-03 22:00:16,843: Drone 21: Sending POST request with location to the groundstation on http://192.168.1.1:8000/update-info/: {'id': 21, 'lat': '-15.8403304', 'lng': '-47.926399599999996', 'alt': '9.01', 'device': 'uav', 'type': '102', 'seq': 224, 'ip': 'http://192.168.1.21:5071/'};
2022-07-03 22:00:17,958: Drone 21: Response from the groundstation: <Response [200]>;
2022-07-03 22:00:18,970: Drone 21: Sending POST request with location to the groundstation on http://192.168.1.1:8000/update-info/: {'id': 21, 'lat': '-15.8403241', 'lng': '-47.926395799999995', 'alt': '9.325000000000001', 'device': 'uav', 'type': '102', 'seq': 225, 'ip': 'http://192.168.1.21:5071/'};
2022-07-03 22:00:32,368: Drone 21: Response from the groundstation: <Response [200]>;
2022-07-03 22:00:33,382: Drone 21: Sending POST request with location to the groundstation on http://192.168.1.1:8000/update-info/: {'id': 21, 'lat': '-15.840320499999999', 'lng': '-47.9263993', 'alt': '10.155', 'device': 'uav', 'type': '102', 'seq': 226, 'ip': 'http://192.168.1.21:5071/'};
34: 2022-07-03 22:02:40,981 
Traceback (most recent call last):
  File "/usr/lib/python3/dist-packages/urllib3/connectionpool.py", line 600, in urlopen
    chunked=chunked)
  File "/usr/lib/python3/dist-packages/urllib3/connectionpool.py", line 384, in _make_request
    six.raise_from(e, None)
  File "<string>", line 3, in raise_from
  File "/usr/lib/python3/dist-packages/urllib3/connectionpool.py", line 380, in _make_request
    httplib_response = conn.getresponse()
  File "/usr/lib/python3.7/http/client.py", line 1352, in getresponse
    response.begin()
  File "/usr/lib/python3.7/http/client.py", line 310, in begin
    version, status, reason = self._read_status()
  File "/usr/lib/python3.7/http/client.py", line 271, in _read_status
    line = str(self.fp.readline(_MAXLINE + 1), "iso-8859-1")
  File "/usr/lib/python3.7/socket.py", line 589, in readinto
    return self._sock.recv_into(b)
ConnectionResetError: [Errno 104] Connection reset by peer

During handling of the above exception, another exception occurred:

Traceback (most recent call last):
  File "/usr/lib/python3/dist-packages/requests/adapters.py", line 449, in send
    timeout=timeout
  File "/usr/lib/python3/dist-packages/urllib3/connectionpool.py", line 638, in urlopen
    _stacktrace=sys.exc_info()[2])
  File "/usr/lib/python3/dist-packages/urllib3/util/retry.py", line 367, in increment
    raise six.reraise(type(error), error, _stacktrace)
  File "/usr/lib/python3/dist-packages/six.py", line 692, in reraise
    raise value.with_traceback(tb)
  File "/usr/lib/python3/dist-packages/urllib3/connectionpool.py", line 600, in urlopen
    chunked=chunked)
  File "/usr/lib/python3/dist-packages/urllib3/connectionpool.py", line 384, in _make_request
    six.raise_from(e, None)
  File "<string>", line 3, in raise_from
  File "/usr/lib/python3/dist-packages/urllib3/connectionpool.py", line 380, in _make_request
    httplib_response = conn.getresponse()
  File "/usr/lib/python3.7/http/client.py", line 1352, in getresponse
    response.begin()
  File "/usr/lib/python3.7/http/client.py", line 310, in begin
    version, status, reason = self._read_status()
  File "/usr/lib/python3.7/http/client.py", line 271, in _read_status
    line = str(self.fp.readline(_MAXLINE + 1), "iso-8859-1")
  File "/usr/lib/python3.7/socket.py", line 589, in readinto
    return self._sock.recv_into(b)
urllib3.exceptions.ProtocolError: ('Connection aborted.', ConnectionResetError(104, 'Connection reset by peer'))

During handling of the above exception, another exception occurred:

Traceback (most recent call last):
  File "/home/pi/quadpi/06-flask-uav-alpha/flask_uav_functions.py", line 71, in send_location
    r = requests.post(path_to_post, data=json_tmp)
  File "/usr/lib/python3/dist-packages/requests/api.py", line 116, in post
    return request('post', url, data=data, json=json, **kwargs)
  File "/usr/lib/python3/dist-packages/requests/api.py", line 60, in request
    return session.request(method=method, url=url, **kwargs)
  File "/usr/lib/python3/dist-packages/requests/sessions.py", line 533, in request
    resp = self.send(prep, **send_kwargs)
  File "/usr/lib/python3/dist-packages/requests/sessions.py", line 646, in send
    r = adapter.send(request, **kwargs)
  File "/usr/lib/python3/dist-packages/requests/adapters.py", line 498, in send
    raise ConnectionError(err, request=request)
requests.exceptions.ConnectionError: ('Connection aborted.', ConnectionResetError(104, 'Connection reset by peer'))
2022-07-03 22:02:42,033: Drone 21: Sending POST request with location to the groundstation on http://192.168.1.1:8000/update-info/: {'id': 21, 'lat': '-15.8403218', 'lng': '-47.926439099999996', 'alt': '10.933', 'device': 'uav', 'type': '102', 'seq': 227, 'ip': 'http://192.168.1.21:5071/'};
34: 2022-07-03 22:04:49,142 
Traceback (most recent call last):
  File "/usr/lib/python3/dist-packages/urllib3/connectionpool.py", line 600, in urlopen
    chunked=chunked)
  File "/usr/lib/python3/dist-packages/urllib3/connectionpool.py", line 384, in _make_request
    six.raise_from(e, None)
  File "<string>", line 3, in raise_from
  File "/usr/lib/python3/dist-packages/urllib3/connectionpool.py", line 380, in _make_request
    httplib_response = conn.getresponse()
  File "/usr/lib/python3.7/http/client.py", line 1352, in getresponse
    response.begin()
  File "/usr/lib/python3.7/http/client.py", line 310, in begin
    version, status, reason = self._read_status()
  File "/usr/lib/python3.7/http/client.py", line 279, in _read_status
    raise RemoteDisconnected("Remote end closed connection without"
http.client.RemoteDisconnected: Remote end closed connection without response

During handling of the above exception, another exception occurred:

Traceback (most recent call last):
  File "/usr/lib/python3/dist-packages/requests/adapters.py", line 449, in send
    timeout=timeout
  File "/usr/lib/python3/dist-packages/urllib3/connectionpool.py", line 638, in urlopen
    _stacktrace=sys.exc_info()[2])
  File "/usr/lib/python3/dist-packages/urllib3/util/retry.py", line 367, in increment
    raise six.reraise(type(error), error, _stacktrace)
  File "/usr/lib/python3/dist-packages/six.py", line 692, in reraise
    raise value.with_traceback(tb)
  File "/usr/lib/python3/dist-packages/urllib3/connectionpool.py", line 600, in urlopen
    chunked=chunked)
  File "/usr/lib/python3/dist-packages/urllib3/connectionpool.py", line 384, in _make_request
    six.raise_from(e, None)
  File "<string>", line 3, in raise_from
  File "/usr/lib/python3/dist-packages/urllib3/connectionpool.py", line 380, in _make_request
    httplib_response = conn.getresponse()
  File "/usr/lib/python3.7/http/client.py", line 1352, in getresponse
    response.begin()
  File "/usr/lib/python3.7/http/client.py", line 310, in begin
    version, status, reason = self._read_status()
  File "/usr/lib/python3.7/http/client.py", line 279, in _read_status
    raise RemoteDisconnected("Remote end closed connection without"
urllib3.exceptions.ProtocolError: ('Connection aborted.', RemoteDisconnected('Remote end closed connection without response'))

During handling of the above exception, another exception occurred:

Traceback (most recent call last):
  File "/home/pi/quadpi/06-flask-uav-alpha/flask_uav_functions.py", line 71, in send_location
    r = requests.post(path_to_post, data=json_tmp)
  File "/usr/lib/python3/dist-packages/requests/api.py", line 116, in post
    return request('post', url, data=data, json=json, **kwargs)
  File "/usr/lib/python3/dist-packages/requests/api.py", line 60, in request
    return session.request(method=method, url=url, **kwargs)
  File "/usr/lib/python3/dist-packages/requests/sessions.py", line 533, in request
    resp = self.send(prep, **send_kwargs)
  File "/usr/lib/python3/dist-packages/requests/sessions.py", line 646, in send
    r = adapter.send(request, **kwargs)
  File "/usr/lib/python3/dist-packages/requests/adapters.py", line 498, in send
    raise ConnectionError(err, request=request)
requests.exceptions.ConnectionError: ('Connection aborted.', RemoteDisconnected('Remote end closed connection without response'))
2022-07-03 22:04:50,159: Drone 21: Sending POST request with location to the groundstation on http://192.168.1.1:8000/update-info/: {'id': 21, 'lat': '-15.840327799999999', 'lng': '-47.9265006', 'alt': '11.878', 'device': 'uav', 'type': '102', 'seq': 228, 'ip': 'http://192.168.1.21:5071/'};
2022-07-03 22:05:08,107: Drone 21: Response from the groundstation: <Response [200]>;
2022-07-03 22:05:09,119: Drone 21: Sending POST request with location to the groundstation on http://192.168.1.1:8000/update-info/: {'id': 21, 'lat': '-15.8403406', 'lng': '-47.926887099999995', 'alt': '20.071', 'device': 'uav', 'type': '102', 'seq': 229, 'ip': 'http://192.168.1.21:5071/'};
2022-07-03 22:05:09,184: Drone 21: Response from the groundstation: <Response [200]>;
2022-07-03 22:05:10,208: Drone 21: Sending POST request with location to the groundstation on http://192.168.1.1:8000/update-info/: {'id': 21, 'lat': '-15.840339499999999', 'lng': '-47.9269143', 'alt': '60.291000000000004', 'device': 'uav', 'type': '102', 'seq': 230, 'ip': 'http://192.168.1.21:5071/'};
2022-07-03 22:05:10,256: Drone 21: Response from the groundstation: <Response [200]>;
2022-07-03 22:05:11,269: Drone 21: Sending POST request with location to the groundstation on http://192.168.1.1:8000/update-info/: {'id': 21, 'lat': '-15.839841999999999', 'lng': '-47.927048899999996', 'alt': '60.002', 'device': 'uav', 'type': '102', 'seq': 231, 'ip': 'http://192.168.1.21:5071/'};
2022-07-03 22:05:11,345: Drone 21: Response from the groundstation: <Response [200]>;
2022-07-03 22:05:12,354: Drone 21: Sending POST request with location to the groundstation on http://192.168.1.1:8000/update-info/: {'id': 21, 'lat': '-15.840314', 'lng': '-47.926409', 'alt': '20.501', 'device': 'uav', 'type': '102', 'seq': 232, 'ip': 'http://192.168.1.21:5071/'};
2022-07-03 22:05:12,376: Drone 21: Response from the groundstation: <Response [200]>;
2022-07-03 22:05:13,389: Drone 21: Sending POST request with location to the groundstation on http://192.168.1.1:8000/update-info/: {'id': 21, 'lat': '-15.8403236', 'lng': '-47.9263921', 'alt': '8.345', 'device': 'uav', 'type': '102', 'seq': 233, 'ip': 'http://192.168.1.21:5071/'};
2022-07-03 22:05:13,437: Drone 21: Response from the groundstation: <Response [200]>;
2022-07-03 22:05:14,476: Drone 21: Sending POST request with location to the groundstation on http://192.168.1.1:8000/update-info/: {'id': 21, 'lat': '-15.840323199999998', 'lng': '-47.926392', 'alt': '7.859', 'device': 'uav', 'type': '102', 'seq': 234, 'ip': 'http://192.168.1.21:5071/'};
2022-07-03 22:05:14,558: Drone 21: Response from the groundstation: <Response [200]>;
2022-07-03 22:05:15,569: Drone 21: Sending POST request with location to the groundstation on http://192.168.1.1:8000/update-info/: {'id': 21, 'lat': '-15.8403225', 'lng': '-47.926391699999996', 'alt': '7.384', 'device': 'uav', 'type': '102', 'seq': 235, 'ip': 'http://192.168.1.21:5071/'};
2022-07-03 22:05:15,663: Drone 21: Response from the groundstation: <Response [200]>;
2022-07-03 22:05:16,688: Drone 21: Sending POST request with location to the groundstation on http://192.168.1.1:8000/update-info/: {'id': 21, 'lat': '-15.8403227', 'lng': '-47.9263913', 'alt': '6.664', 'device': 'uav', 'type': '102', 'seq': 236, 'ip': 'http://192.168.1.21:5071/'};
2022-07-03 22:05:16,737: Drone 21: Response from the groundstation: <Response [200]>;
2022-07-03 22:05:17,764: Drone 21: Sending POST request with location to the groundstation on http://192.168.1.1:8000/update-info/: {'id': 21, 'lat': '-15.840322899999999', 'lng': '-47.926391699999996', 'alt': '6.136', 'device': 'uav', 'type': '102', 'seq': 237, 'ip': 'http://192.168.1.21:5071/'};
2022-07-03 22:05:17,808: Drone 21: Response from the groundstation: <Response [200]>;
2022-07-03 22:05:18,836: Drone 21: Sending POST request with location to the groundstation on http://192.168.1.1:8000/update-info/: {'id': 21, 'lat': '-15.8403228', 'lng': '-47.9263914', 'alt': '5.6000000000000005', 'device': 'uav', 'type': '102', 'seq': 238, 'ip': 'http://192.168.1.21:5071/'};
2022-07-03 22:05:18,897: Drone 21: Response from the groundstation: <Response [200]>;
2022-07-03 22:05:19,907: Drone 21: Sending POST request with location to the groundstation on http://192.168.1.1:8000/update-info/: {'id': 21, 'lat': '-15.8403224', 'lng': '-47.9263921', 'alt': '5.139', 'device': 'uav', 'type': '102', 'seq': 239, 'ip': 'http://192.168.1.21:5071/'};
2022-07-03 22:05:20,034: Drone 21: Response from the groundstation: <Response [200]>;
2022-07-03 22:05:21,046: Drone 21: Sending POST request with location to the groundstation on http://192.168.1.1:8000/update-info/: {'id': 21, 'lat': '-15.8403233', 'lng': '-47.9263914', 'alt': '4.5840000000000005', 'device': 'uav', 'type': '102', 'seq': 240, 'ip': 'http://192.168.1.21:5071/'};
2022-07-03 22:05:21,084: Drone 21: Response from the groundstation: <Response [200]>;
2022-07-03 22:05:22,098: Drone 21: Sending POST request with location to the groundstation on http://192.168.1.1:8000/update-info/: {'id': 21, 'lat': '-15.8403225', 'lng': '-47.926392199999995', 'alt': '3.677', 'device': 'uav', 'type': '102', 'seq': 241, 'ip': 'http://192.168.1.21:5071/'};
2022-07-03 22:05:22,146: Drone 21: Response from the groundstation: <Response [200]>;
2022-07-03 22:05:23,169: Drone 21: Sending POST request with location to the groundstation on http://192.168.1.1:8000/update-info/: {'id': 21, 'lat': '-15.8403218', 'lng': '-47.9263926', 'alt': '3.132', 'device': 'uav', 'type': '102', 'seq': 242, 'ip': 'http://192.168.1.21:5071/'};
2022-07-03 22:05:23,257: Drone 21: Response from the groundstation: <Response [200]>;
2022-07-03 22:05:24,268: Drone 21: Sending POST request with location to the groundstation on http://192.168.1.1:8000/update-info/: {'id': 21, 'lat': '-15.840321699999999', 'lng': '-47.9263912', 'alt': '2.5300000000000002', 'device': 'uav', 'type': '102', 'seq': 243, 'ip': 'http://192.168.1.21:5071/'};
2022-07-03 22:05:24,323: Drone 21: Response from the groundstation: <Response [200]>;
2022-07-03 22:05:25,347: Drone 21: Sending POST request with location to the groundstation on http://192.168.1.1:8000/update-info/: {'id': 21, 'lat': '-15.8403219', 'lng': '-47.9263901', 'alt': '2.017', 'device': 'uav', 'type': '102', 'seq': 244, 'ip': 'http://192.168.1.21:5071/'};
2022-07-03 22:05:25,393: Drone 21: Response from the groundstation: <Response [200]>;
2022-07-03 22:05:26,406: Drone 21: Sending POST request with location to the groundstation on http://192.168.1.1:8000/update-info/: {'id': 21, 'lat': '-15.840322299999999', 'lng': '-47.9263903', 'alt': '1.537', 'device': 'uav', 'type': '102', 'seq': 245, 'ip': 'http://192.168.1.21:5071/'};
2022-07-03 22:05:26,568: Drone 21: Response from the groundstation: <Response [200]>;
2022-07-03 22:05:27,588: Drone 21: Sending POST request with location to the groundstation on http://192.168.1.1:8000/update-info/: {'id': 21, 'lat': '-15.8403222', 'lng': '-47.9263909', 'alt': '1.065', 'device': 'uav', 'type': '102', 'seq': 246, 'ip': 'http://192.168.1.21:5071/'};
2022-07-03 22:05:27,647: Drone 21: Response from the groundstation: <Response [200]>;
2022-07-03 22:05:28,659: Drone 21: Sending POST request with location to the groundstation on http://192.168.1.1:8000/update-info/: {'id': 21, 'lat': '-15.8403225', 'lng': '-47.9263912', 'alt': '0.549', 'device': 'uav', 'type': '102', 'seq': 247, 'ip': 'http://192.168.1.21:5071/'};
2022-07-03 22:05:28,804: Drone 21: Response from the groundstation: <Response [200]>;
2022-07-03 22:05:29,817: Drone 21: Sending POST request with location to the groundstation on http://192.168.1.1:8000/update-info/: {'id': 21, 'lat': '-15.8403222', 'lng': '-47.926391599999995', 'alt': '-0.17', 'device': 'uav', 'type': '102', 'seq': 248, 'ip': 'http://192.168.1.21:5071/'};
2022-07-03 22:05:29,937: Drone 21: Response from the groundstation: <Response [200]>;
2022-07-03 22:05:30,971: Drone 21: Sending POST request with location to the groundstation on http://192.168.1.1:8000/update-info/: {'id': 21, 'lat': '-15.840322299999999', 'lng': '-47.9263908', 'alt': '-0.884', 'device': 'uav', 'type': '102', 'seq': 249, 'ip': 'http://192.168.1.21:5071/'};
2022-07-03 22:05:31,137: Drone 21: Response from the groundstation: <Response [200]>;
2022-07-03 22:05:32,149: Drone 21: Sending POST request with location to the groundstation on http://192.168.1.1:8000/update-info/: {'id': 21, 'lat': '-15.8403221', 'lng': '-47.9263894', 'alt': '-1.482', 'device': 'uav', 'type': '102', 'seq': 250, 'ip': 'http://192.168.1.21:5071/'};
2022-07-03 22:05:32,172: Drone 21: Response from the groundstation: <Response [200]>;
                                                                                                                                                                                                                                                                                                                                                                                                                                                                                                                                                                                                                                                                                                                                                                                                                                                                                                                                                                                                                                                                                                                                                                                                                                                  